<?xml version="1.0" encoding="UTF-8"?>
<robot generator="Robot 7.0.1 (Python 3.12.2 on win32)" generated="2025-10-26T22:24:41.916205" rpa="false" schemaversion="5">
<suite id="s1" name="TestSuites" source="C:\Users\shank\PycharmProjects\RR-QA-Automation\TestSuites">
<suite id="s1-s1" name="FS Filters" source="C:\Users\shank\PycharmProjects\RR-QA-Automation\TestSuites\FS_Filters.robot">
<test id="s1-s1-t1" name="RRQA/Filters/Test All Category Navigation/TC001" line="12">
<kw name="Open Browser with TMDB URL" owner="keywords" type="SETUP">
<kw name="Open Browser" owner="SeleniumLibrary">
<msg time="2025-10-26T22:24:42.268344" level="INFO">Opening browser 'chrome' to base url 'https://tmdb-discover.surge.sh/'.</msg>
<arg>${BASE_URL}</arg>
<arg>${BROWSER}</arg>
<doc>Opens a new browser instance to the optional ``url``.</doc>
<status status="PASS" start="2025-10-26T22:24:42.268344" elapsed="17.490018"/>
</kw>
<kw name="Maximize Browser Window" owner="SeleniumLibrary">
<doc>Maximizes current browser window.</doc>
<status status="PASS" start="2025-10-26T22:24:59.758881" elapsed="0.076465"/>
</kw>
<kw name="Wait Until Page Contains" owner="SeleniumLibrary">
<arg>text=Previous</arg>
<arg>timeout=${TIMEOUT}</arg>
<doc>Waits until ``text`` appears on the current page.</doc>
<status status="PASS" start="2025-10-26T22:24:59.836344" elapsed="0.045616"/>
</kw>
<doc>Open web site</doc>
<status status="PASS" start="2025-10-26T22:24:42.266872" elapsed="17.615088"/>
</kw>
<kw name="Click Category" owner="keywords">
<kw name="Wait Until Element Is Visible" owner="SeleniumLibrary">
<arg>xpath=//a[normalize-space()="${category}"]</arg>
<arg>timeout=${TIMEOUT}</arg>
<doc>Waits until the element ``locator`` is visible.</doc>
<status status="PASS" start="2025-10-26T22:24:59.884721" elapsed="0.034653"/>
</kw>
<kw name="Click Element" owner="SeleniumLibrary">
<msg time="2025-10-26T22:24:59.919374" level="INFO">Clicking element 'xpath=//a[normalize-space()="Popular"]'.</msg>
<arg>xpath=//a[normalize-space()="${category}"]</arg>
<doc>Click the element identified by ``locator``.</doc>
<status status="PASS" start="2025-10-26T22:24:59.919374" elapsed="0.166511"/>
</kw>
<kw name="Wait Until Page Contains Element" owner="SeleniumLibrary">
<arg>//body</arg>
<arg>timeout=${TIMEOUT}</arg>
<doc>Waits until the element ``locator`` appears on the current page.</doc>
<status status="PASS" start="2025-10-26T22:25:00.087076" elapsed="0.016268"/>
</kw>
<kw name="Sleep" owner="BuiltIn">
<msg time="2025-10-26T22:25:02.104975" level="INFO">Slept 2 seconds.</msg>
<arg>${NORMAL_SLEEP}</arg>
<doc>Pauses the test executed for the given time.</doc>
<status status="PASS" start="2025-10-26T22:25:00.103344" elapsed="2.001631"/>
</kw>
<kw name="Log To Console" owner="BuiltIn">
<arg>&gt;&gt; Category: ${category}</arg>
<doc>Logs the given message to the console.</doc>
<status status="PASS" start="2025-10-26T22:25:02.104975" elapsed="0.000000"/>
</kw>
<arg>Popular</arg>
<status status="PASS" start="2025-10-26T22:24:59.883671" elapsed="2.222365"/>
</kw>
<kw name="Log To Console" owner="BuiltIn">
<arg>&gt;&gt; Popular category navigation tested</arg>
<doc>Logs the given message to the console.</doc>
<status status="PASS" start="2025-10-26T22:25:02.106036" elapsed="0.000000"/>
</kw>
<kw name="Verify Page Content Changed" owner="keywords">
<kw name="Log To Console" owner="BuiltIn">
<arg>&gt;&gt; Checking content for category: ${category}</arg>
<doc>Logs the given message to the console.</doc>
<status status="PASS" start="2025-10-26T22:25:02.107396" elapsed="0.001619"/>
</kw>
<kw name="Get Text" owner="SeleniumLibrary">
<msg time="2025-10-26T22:25:02.172939" level="INFO">${page_content} = Discover
Popular
Trend
Newest
Top rated
Our Fault
Romance, 2025
Captain Hook - The Cursed Tides
Adventure, 2025
War of the Worlds
Science Fiction, 2025
Stolen Girl
Thriller, 2025
Hunting Grounds
Actio...</msg>
<var>${page_content}</var>
<arg>//body</arg>
<doc>Returns the text value of the element identified by ``locator``.</doc>
<status status="PASS" start="2025-10-26T22:25:02.109015" elapsed="0.063924"/>
</kw>
<kw name="Should Contain" owner="BuiltIn">
<arg>${page_content}</arg>
<arg>Discover</arg>
<doc>Fails if ``container`` does not contain ``item`` one or more times.</doc>
<status status="PASS" start="2025-10-26T22:25:02.172939" elapsed="0.001163"/>
</kw>
<kw name="Should Match Regexp" owner="BuiltIn">
<arg>${page_content}</arg>
<arg>\\d{4}</arg>
<doc>Fails if ``string`` does not match ``pattern`` as a regular expression.</doc>
<status status="PASS" start="2025-10-26T22:25:02.174102" elapsed="0.000000"/>
</kw>
<arg>Popular</arg>
<status status="PASS" start="2025-10-26T22:25:02.107396" elapsed="0.066706"/>
</kw>
<kw name="Get Url" owner="keywords">
<kw name="Get Location" owner="SeleniumLibrary">
<msg time="2025-10-26T22:25:02.182426" level="INFO">${url} = https://tmdb-discover.surge.sh/popular</msg>
<var>${url}</var>
<doc>Returns the current browser window URL.</doc>
<status status="PASS" start="2025-10-26T22:25:02.175228" elapsed="0.007198"/>
</kw>
<return>
<value>${url}</value>
<status status="PASS" start="2025-10-26T22:25:02.182426" elapsed="0.000000"/>
</return>
<msg time="2025-10-26T22:25:02.183929" level="INFO">${popular_url} = https://tmdb-discover.surge.sh/popular</msg>
<var>${popular_url}</var>
<doc>Replacement for Browser's Get Url.</doc>
<status status="PASS" start="2025-10-26T22:25:02.175228" elapsed="0.008701"/>
</kw>
<kw name="Should Contain" owner="BuiltIn">
<arg>${popular_url}</arg>
<arg>/popular</arg>
<doc>Fails if ``container`` does not contain ``item`` one or more times.</doc>
<status status="PASS" start="2025-10-26T22:25:02.183929" elapsed="0.000000"/>
</kw>
<kw name="Click Category" owner="keywords">
<kw name="Wait Until Element Is Visible" owner="SeleniumLibrary">
<arg>xpath=//a[normalize-space()="${category}"]</arg>
<arg>timeout=${TIMEOUT}</arg>
<doc>Waits until the element ``locator`` is visible.</doc>
<status status="PASS" start="2025-10-26T22:25:02.185272" elapsed="0.047142"/>
</kw>
<kw name="Click Element" owner="SeleniumLibrary">
<msg time="2025-10-26T22:25:02.232414" level="INFO">Clicking element 'xpath=//a[normalize-space()="Trend"]'.</msg>
<arg>xpath=//a[normalize-space()="${category}"]</arg>
<doc>Click the element identified by ``locator``.</doc>
<status status="PASS" start="2025-10-26T22:25:02.232414" elapsed="0.093784"/>
</kw>
<kw name="Wait Until Page Contains Element" owner="SeleniumLibrary">
<arg>//body</arg>
<arg>timeout=${TIMEOUT}</arg>
<doc>Waits until the element ``locator`` appears on the current page.</doc>
<status status="PASS" start="2025-10-26T22:25:02.327213" elapsed="0.014549"/>
</kw>
<kw name="Sleep" owner="BuiltIn">
<msg time="2025-10-26T22:25:04.341989" level="INFO">Slept 2 seconds.</msg>
<arg>${NORMAL_SLEEP}</arg>
<doc>Pauses the test executed for the given time.</doc>
<status status="PASS" start="2025-10-26T22:25:02.341762" elapsed="2.000227"/>
</kw>
<kw name="Log To Console" owner="BuiltIn">
<arg>&gt;&gt; Category: ${category}</arg>
<doc>Logs the given message to the console.</doc>
<status status="PASS" start="2025-10-26T22:25:04.341989" elapsed="0.000000"/>
</kw>
<arg>Trend</arg>
<status status="PASS" start="2025-10-26T22:25:02.185272" elapsed="2.157877"/>
</kw>
<kw name="Verify Page Content Changed" owner="keywords">
<kw name="Log To Console" owner="BuiltIn">
<arg>&gt;&gt; Checking content for category: ${category}</arg>
<doc>Logs the given message to the console.</doc>
<status status="PASS" start="2025-10-26T22:25:04.346618" elapsed="0.000416"/>
</kw>
<kw name="Get Text" owner="SeleniumLibrary">
<msg time="2025-10-26T22:25:04.409724" level="INFO">${page_content} = Discover
Popular
Trend
Newest
Top rated
A House of Dynamite
War, 2025
The Long Walk
Thriller, 2025
The Roses
Comedy, 2025
The Elixir
Horror, 2025
The Fantastic 4: First Steps
Science Fiction, 2025
Cha...</msg>
<var>${page_content}</var>
<arg>//body</arg>
<doc>Returns the text value of the element identified by ``locator``.</doc>
<status status="PASS" start="2025-10-26T22:25:04.347034" elapsed="0.062690"/>
</kw>
<kw name="Should Contain" owner="BuiltIn">
<arg>${page_content}</arg>
<arg>Discover</arg>
<doc>Fails if ``container`` does not contain ``item`` one or more times.</doc>
<status status="PASS" start="2025-10-26T22:25:04.411133" elapsed="0.000000"/>
</kw>
<kw name="Should Match Regexp" owner="BuiltIn">
<arg>${page_content}</arg>
<arg>\\d{4}</arg>
<doc>Fails if ``string`` does not match ``pattern`` as a regular expression.</doc>
<status status="PASS" start="2025-10-26T22:25:04.411133" elapsed="0.000000"/>
</kw>
<arg>Trend</arg>
<status status="PASS" start="2025-10-26T22:25:04.343149" elapsed="0.067984"/>
</kw>
<kw name="Get Url" owner="keywords">
<kw name="Get Location" owner="SeleniumLibrary">
<msg time="2025-10-26T22:25:04.418583" level="INFO">${url} = https://tmdb-discover.surge.sh/trend</msg>
<var>${url}</var>
<doc>Returns the current browser window URL.</doc>
<status status="PASS" start="2025-10-26T22:25:04.412287" elapsed="0.006296"/>
</kw>
<return>
<value>${url}</value>
<status status="PASS" start="2025-10-26T22:25:04.418583" elapsed="0.000000"/>
</return>
<msg time="2025-10-26T22:25:04.419739" level="INFO">${trend_url} = https://tmdb-discover.surge.sh/trend</msg>
<var>${trend_url}</var>
<doc>Replacement for Browser's Get Url.</doc>
<status status="PASS" start="2025-10-26T22:25:04.412287" elapsed="0.007452"/>
</kw>
<kw name="Should Contain" owner="BuiltIn">
<arg>${trend_url}</arg>
<arg>/trend</arg>
<doc>Fails if ``container`` does not contain ``item`` one or more times.</doc>
<status status="PASS" start="2025-10-26T22:25:04.419739" elapsed="0.000000"/>
</kw>
<kw name="Click Category" owner="keywords">
<kw name="Wait Until Element Is Visible" owner="SeleniumLibrary">
<arg>xpath=//a[normalize-space()="${category}"]</arg>
<arg>timeout=${TIMEOUT}</arg>
<doc>Waits until the element ``locator`` is visible.</doc>
<status status="PASS" start="2025-10-26T22:25:04.421193" elapsed="0.023574"/>
</kw>
<kw name="Click Element" owner="SeleniumLibrary">
<msg time="2025-10-26T22:25:04.444767" level="INFO">Clicking element 'xpath=//a[normalize-space()="Newest"]'.</msg>
<arg>xpath=//a[normalize-space()="${category}"]</arg>
<doc>Click the element identified by ``locator``.</doc>
<status status="PASS" start="2025-10-26T22:25:04.444767" elapsed="0.091513"/>
</kw>
<kw name="Wait Until Page Contains Element" owner="SeleniumLibrary">
<arg>//body</arg>
<arg>timeout=${TIMEOUT}</arg>
<doc>Waits until the element ``locator`` appears on the current page.</doc>
<status status="PASS" start="2025-10-26T22:25:04.537782" elapsed="0.016639"/>
</kw>
<kw name="Sleep" owner="BuiltIn">
<msg time="2025-10-26T22:25:06.556109" level="INFO">Slept 2 seconds.</msg>
<arg>${NORMAL_SLEEP}</arg>
<doc>Pauses the test executed for the given time.</doc>
<status status="PASS" start="2025-10-26T22:25:04.555663" elapsed="2.000446"/>
</kw>
<kw name="Log To Console" owner="BuiltIn">
<arg>&gt;&gt; Category: ${category}</arg>
<doc>Logs the given message to the console.</doc>
<status status="PASS" start="2025-10-26T22:25:06.556109" elapsed="0.001057"/>
</kw>
<arg>Newest</arg>
<status status="PASS" start="2025-10-26T22:25:04.421193" elapsed="2.135973"/>
</kw>
<kw name="Verify Page Content Changed" owner="keywords">
<kw name="Log To Console" owner="BuiltIn">
<arg>&gt;&gt; Checking content for category: ${category}</arg>
<doc>Logs the given message to the console.</doc>
<status status="PASS" start="2025-10-26T22:25:06.557166" elapsed="0.000000"/>
</kw>
<kw name="Get Text" owner="SeleniumLibrary">
<msg time="2025-10-26T22:25:06.615625" level="INFO">${page_content} = Discover
Popular
Trend
Newest
Top rated
Our Fault
Romance, 2025
Stolen Girl
Thriller, 2025
Demon Slayer: Kimetsu no Yaiba Infinity Castle
Animation, 2025
The Long Walk
Thriller, 2025
The Elixir
Horror...</msg>
<var>${page_content}</var>
<arg>//body</arg>
<doc>Returns the text value of the element identified by ``locator``.</doc>
<status status="PASS" start="2025-10-26T22:25:06.559674" elapsed="0.055951"/>
</kw>
<kw name="Should Contain" owner="BuiltIn">
<arg>${page_content}</arg>
<arg>Discover</arg>
<doc>Fails if ``container`` does not contain ``item`` one or more times.</doc>
<status status="PASS" start="2025-10-26T22:25:06.617785" elapsed="0.000000"/>
</kw>
<kw name="Should Match Regexp" owner="BuiltIn">
<arg>${page_content}</arg>
<arg>\\d{4}</arg>
<doc>Fails if ``string`` does not match ``pattern`` as a regular expression.</doc>
<status status="PASS" start="2025-10-26T22:25:06.617785" elapsed="0.000000"/>
</kw>
<arg>Newest</arg>
<status status="PASS" start="2025-10-26T22:25:06.557166" elapsed="0.060619"/>
</kw>
<kw name="Get Url" owner="keywords">
<kw name="Get Location" owner="SeleniumLibrary">
<msg time="2025-10-26T22:25:06.617785" level="INFO">${url} = https://tmdb-discover.surge.sh/new</msg>
<var>${url}</var>
<doc>Returns the current browser window URL.</doc>
<status status="PASS" start="2025-10-26T22:25:06.617785" elapsed="0.000000"/>
</kw>
<return>
<value>${url}</value>
<status status="PASS" start="2025-10-26T22:25:06.617785" elapsed="0.000000"/>
</return>
<msg time="2025-10-26T22:25:06.617785" level="INFO">${newest_url} = https://tmdb-discover.surge.sh/new</msg>
<var>${newest_url}</var>
<doc>Replacement for Browser's Get Url.</doc>
<status status="PASS" start="2025-10-26T22:25:06.617785" elapsed="0.000000"/>
</kw>
<kw name="Should Contain" owner="BuiltIn">
<arg>${newest_url}</arg>
<arg>/new</arg>
<doc>Fails if ``container`` does not contain ``item`` one or more times.</doc>
<status status="PASS" start="2025-10-26T22:25:06.617785" elapsed="0.000000"/>
</kw>
<kw name="Click Category" owner="keywords">
<kw name="Wait Until Element Is Visible" owner="SeleniumLibrary">
<arg>xpath=//a[normalize-space()="${category}"]</arg>
<arg>timeout=${TIMEOUT}</arg>
<doc>Waits until the element ``locator`` is visible.</doc>
<status status="PASS" start="2025-10-26T22:25:06.629702" elapsed="0.027405"/>
</kw>
<kw name="Click Element" owner="SeleniumLibrary">
<msg time="2025-10-26T22:25:06.657107" level="INFO">Clicking element 'xpath=//a[normalize-space()="Top rated"]'.</msg>
<arg>xpath=//a[normalize-space()="${category}"]</arg>
<doc>Click the element identified by ``locator``.</doc>
<status status="PASS" start="2025-10-26T22:25:06.657107" elapsed="0.123131"/>
</kw>
<kw name="Wait Until Page Contains Element" owner="SeleniumLibrary">
<arg>//body</arg>
<arg>timeout=${TIMEOUT}</arg>
<doc>Waits until the element ``locator`` appears on the current page.</doc>
<status status="PASS" start="2025-10-26T22:25:06.783101" elapsed="0.016275"/>
</kw>
<kw name="Sleep" owner="BuiltIn">
<msg time="2025-10-26T22:25:08.799619" level="INFO">Slept 2 seconds.</msg>
<arg>${NORMAL_SLEEP}</arg>
<doc>Pauses the test executed for the given time.</doc>
<status status="PASS" start="2025-10-26T22:25:06.799376" elapsed="2.000243"/>
</kw>
<kw name="Log To Console" owner="BuiltIn">
<arg>&gt;&gt; Category: ${category}</arg>
<doc>Logs the given message to the console.</doc>
<status status="PASS" start="2025-10-26T22:25:08.799619" elapsed="0.000512"/>
</kw>
<arg>Top rated</arg>
<status status="PASS" start="2025-10-26T22:25:06.629702" elapsed="2.170429"/>
</kw>
<kw name="Verify Page Content Changed" owner="keywords">
<kw name="Log To Console" owner="BuiltIn">
<arg>&gt;&gt; Checking content for category: ${category}</arg>
<doc>Logs the given message to the console.</doc>
<status status="PASS" start="2025-10-26T22:25:08.802365" elapsed="0.000000"/>
</kw>
<kw name="Get Text" owner="SeleniumLibrary">
<msg time="2025-10-26T22:25:08.852478" level="INFO">${page_content} = Discover
Popular
Trend
Newest
Top rated
The Shawshank Redemption
Drama, 1994
The Godfather
Drama, 1972
The Godfather Part II
Drama, 1974
Schindler's List
Drama, 1993
12 Angry Men
Drama, 1957
Spirited ...</msg>
<var>${page_content}</var>
<arg>//body</arg>
<doc>Returns the text value of the element identified by ``locator``.</doc>
<status status="PASS" start="2025-10-26T22:25:08.802365" elapsed="0.050113"/>
</kw>
<kw name="Should Contain" owner="BuiltIn">
<arg>${page_content}</arg>
<arg>Discover</arg>
<doc>Fails if ``container`` does not contain ``item`` one or more times.</doc>
<status status="PASS" start="2025-10-26T22:25:08.852478" elapsed="0.000000"/>
</kw>
<kw name="Should Match Regexp" owner="BuiltIn">
<arg>${page_content}</arg>
<arg>\\d{4}</arg>
<doc>Fails if ``string`` does not match ``pattern`` as a regular expression.</doc>
<status status="PASS" start="2025-10-26T22:25:08.852478" elapsed="0.002029"/>
</kw>
<arg>Top rated</arg>
<status status="PASS" start="2025-10-26T22:25:08.800131" elapsed="0.054376"/>
</kw>
<kw name="Get Url" owner="keywords">
<kw name="Get Location" owner="SeleniumLibrary">
<msg time="2025-10-26T22:25:08.860904" level="INFO">${url} = https://tmdb-discover.surge.sh/top</msg>
<var>${url}</var>
<doc>Returns the current browser window URL.</doc>
<status status="PASS" start="2025-10-26T22:25:08.855788" elapsed="0.005116"/>
</kw>
<return>
<value>${url}</value>
<status status="PASS" start="2025-10-26T22:25:08.860904" elapsed="0.000000"/>
</return>
<msg time="2025-10-26T22:25:08.860904" level="INFO">${top_url} = https://tmdb-discover.surge.sh/top</msg>
<var>${top_url}</var>
<doc>Replacement for Browser's Get Url.</doc>
<status status="PASS" start="2025-10-26T22:25:08.854507" elapsed="0.006397"/>
</kw>
<kw name="Should Contain" owner="BuiltIn">
<arg>${top_url}</arg>
<arg>/top</arg>
<doc>Fails if ``container`` does not contain ``item`` one or more times.</doc>
<status status="PASS" start="2025-10-26T22:25:08.864548" elapsed="0.000000"/>
</kw>
<kw name="Close Browser" owner="SeleniumLibrary" type="TEARDOWN">
<doc>Closes the current browser.</doc>
<status status="PASS" start="2025-10-26T22:25:08.866098" elapsed="2.286014"/>
</kw>
<doc>Check that all four main categories navigate correctly and show different content</doc>
<tag>categories</tag>
<tag>navigation</tag>
<tag>smoke</tag>
<status status="PASS" start="2025-10-26T22:24:42.265599" elapsed="28.886513"/>
</test>
<test id="s1-s1-t2" name="RRQA/Filters/Test Search Functionality/TC002" line="41">
<kw name="Open Browser with TMDB URL" owner="keywords" type="SETUP">
<kw name="Open Browser" owner="SeleniumLibrary">
<msg time="2025-10-26T22:25:11.155543" level="INFO">Opening browser 'chrome' to base url 'https://tmdb-discover.surge.sh/'.</msg>
<arg>${BASE_URL}</arg>
<arg>${BROWSER}</arg>
<doc>Opens a new browser instance to the optional ``url``.</doc>
<status status="PASS" start="2025-10-26T22:25:11.155543" elapsed="12.948701"/>
</kw>
<kw name="Maximize Browser Window" owner="SeleniumLibrary">
<doc>Maximizes current browser window.</doc>
<status status="PASS" start="2025-10-26T22:25:24.105418" elapsed="0.072485"/>
</kw>
<kw name="Wait Until Page Contains" owner="SeleniumLibrary">
<arg>text=Previous</arg>
<arg>timeout=${TIMEOUT}</arg>
<doc>Waits until ``text`` appears on the current page.</doc>
<status status="PASS" start="2025-10-26T22:25:24.177903" elapsed="0.037283"/>
</kw>
<doc>Open web site</doc>
<status status="PASS" start="2025-10-26T22:25:11.155543" elapsed="13.060644"/>
</kw>
<kw name="Search For Content" owner="keywords">
<kw name="Wait Until Element Is Visible" owner="SeleniumLibrary">
<arg>xpath=//input[contains(@placeholder,"SEARCH")]</arg>
<arg>timeout=${TIMEOUT}</arg>
<doc>Waits until the element ``locator`` is visible.</doc>
<status status="PASS" start="2025-10-26T22:25:24.217187" elapsed="0.033767"/>
</kw>
<kw name="Input Text" owner="SeleniumLibrary">
<msg time="2025-10-26T22:25:24.252106" level="INFO">Typing text 'Horror' into text field 'xpath=//input[contains(@placeholder,"SEARCH")]'.</msg>
<arg>xpath=//input[contains(@placeholder,"SEARCH")]</arg>
<arg>${search_term}</arg>
<doc>Types the given ``text`` into the text field identified by ``locator``.</doc>
<status status="PASS" start="2025-10-26T22:25:24.252106" elapsed="0.198809"/>
</kw>
<kw name="Press Keys" owner="SeleniumLibrary">
<msg time="2025-10-26T22:25:24.451917" level="INFO">Sending key(s) ('ENTER',) to xpath=//input[contains(@placeholder,"SEARCH")] element.</msg>
<msg time="2025-10-26T22:25:24.754441" level="INFO">Pressing special key ENTER to element.</msg>
<msg time="2025-10-26T22:25:24.754441" level="INFO">Releasing special key ENTER.</msg>
<arg>xpath=//input[contains(@placeholder,"SEARCH")]</arg>
<arg>ENTER</arg>
<doc>Simulates the user pressing key(s) to an element or on the active browser.</doc>
<status status="PASS" start="2025-10-26T22:25:24.451917" elapsed="0.308817"/>
</kw>
<kw name="Sleep" owner="BuiltIn">
<msg time="2025-10-26T22:25:26.762265" level="INFO">Slept 2 seconds.</msg>
<arg>${NORMAL_SLEEP}</arg>
<doc>Pauses the test executed for the given time.</doc>
<status status="PASS" start="2025-10-26T22:25:24.762228" elapsed="2.000037"/>
</kw>
<kw name="Log To Console" owner="BuiltIn">
<arg>&gt;&gt; Searched for: ${search_term}</arg>
<doc>Logs the given message to the console.</doc>
<status status="PASS" start="2025-10-26T22:25:26.762775" elapsed="0.000000"/>
</kw>
<arg>Horror</arg>
<status status="PASS" start="2025-10-26T22:25:24.216187" elapsed="2.546588"/>
</kw>
<kw name="Log To Console" owner="BuiltIn">
<arg>&gt;&gt; Search functionality tested</arg>
<doc>Logs the given message to the console.</doc>
<status status="PASS" start="2025-10-26T22:25:26.762775" elapsed="0.001310"/>
</kw>
<kw name="Check Search Results Contain" owner="keywords">
<kw name="Get Text" owner="SeleniumLibrary">
<msg time="2025-10-26T22:25:26.966513" level="INFO">${page_content} = Discover
Popular
Trend
Newest
Top rated
The Blancheville Monster
Horror, 1963
Horror
Horror, 2003
Horror
Horror, 1969
#Horror
Crime, 2015
Horror
Drama, 2015
HORROR
Thriller, 2024
Horror
Documentary, 2...</msg>
<var>${page_content}</var>
<arg>//body</arg>
<doc>Returns the text value of the element identified by ``locator``.</doc>
<status status="PASS" start="2025-10-26T22:25:26.765408" elapsed="0.201105"/>
</kw>
<kw name="Should Contain" owner="BuiltIn">
<arg>${page_content}</arg>
<arg>${expected_term}</arg>
<doc>Fails if ``container`` does not contain ``item`` one or more times.</doc>
<status status="PASS" start="2025-10-26T22:25:26.966513" elapsed="0.000000"/>
</kw>
<kw name="Log To Console" owner="BuiltIn">
<arg>&gt;&gt; Search results contain: ${expected_term}</arg>
<doc>Logs the given message to the console.</doc>
<status status="PASS" start="2025-10-26T22:25:26.966513" elapsed="0.001129"/>
</kw>
<arg>Horror</arg>
<status status="PASS" start="2025-10-26T22:25:26.764085" elapsed="0.203557"/>
</kw>
<kw name="Clear Search" owner="keywords">
<kw name="Wait Until Element Is Visible" owner="SeleniumLibrary">
<arg>xpath=//input[contains(@placeholder,"SEARCH")]</arg>
<arg>timeout=${TIMEOUT}</arg>
<doc>Waits until the element ``locator`` is visible.</doc>
<status status="PASS" start="2025-10-26T22:25:26.968765" elapsed="0.030070"/>
</kw>
<kw name="Clear Element Text" owner="SeleniumLibrary">
<arg>xpath=//input[contains(@placeholder,"SEARCH")]</arg>
<doc>Clears the value of the text-input-element identified by ``locator``.</doc>
<status status="PASS" start="2025-10-26T22:25:26.998835" elapsed="0.140641"/>
</kw>
<kw name="Press Keys" owner="SeleniumLibrary">
<msg time="2025-10-26T22:25:27.140477" level="INFO">Sending key(s) ('ENTER',) to xpath=//input[contains(@placeholder,"SEARCH")] element.</msg>
<msg time="2025-10-26T22:25:27.437590" level="INFO">Pressing special key ENTER to element.</msg>
<msg time="2025-10-26T22:25:27.437590" level="INFO">Releasing special key ENTER.</msg>
<arg>xpath=//input[contains(@placeholder,"SEARCH")]</arg>
<arg>ENTER</arg>
<doc>Simulates the user pressing key(s) to an element or on the active browser.</doc>
<status status="PASS" start="2025-10-26T22:25:27.140477" elapsed="0.309616"/>
</kw>
<kw name="Sleep" owner="BuiltIn">
<msg time="2025-10-26T22:25:29.450530" level="INFO">Slept 2 seconds.</msg>
<arg>${NORMAL_SLEEP}</arg>
<doc>Pauses the test executed for the given time.</doc>
<status status="PASS" start="2025-10-26T22:25:27.450093" elapsed="2.000437"/>
</kw>
<kw name="Log To Console" owner="BuiltIn">
<arg>&gt;&gt; Search cleared</arg>
<doc>Logs the given message to the console.</doc>
<status status="PASS" start="2025-10-26T22:25:29.450530" elapsed="0.000000"/>
</kw>
<status status="PASS" start="2025-10-26T22:25:26.967642" elapsed="2.484919"/>
</kw>
<kw name="Search For Content" owner="keywords">
<kw name="Wait Until Element Is Visible" owner="SeleniumLibrary">
<arg>xpath=//input[contains(@placeholder,"SEARCH")]</arg>
<arg>timeout=${TIMEOUT}</arg>
<doc>Waits until the element ``locator`` is visible.</doc>
<status status="PASS" start="2025-10-26T22:25:29.452561" elapsed="0.023401"/>
</kw>
<kw name="Input Text" owner="SeleniumLibrary">
<msg time="2025-10-26T22:25:29.475962" level="INFO">Typing text 'Action' into text field 'xpath=//input[contains(@placeholder,"SEARCH")]'.</msg>
<arg>xpath=//input[contains(@placeholder,"SEARCH")]</arg>
<arg>${search_term}</arg>
<doc>Types the given ``text`` into the text field identified by ``locator``.</doc>
<status status="PASS" start="2025-10-26T22:25:29.475962" elapsed="0.124639"/>
</kw>
<kw name="Press Keys" owner="SeleniumLibrary">
<msg time="2025-10-26T22:25:29.602613" level="INFO">Sending key(s) ('ENTER',) to xpath=//input[contains(@placeholder,"SEARCH")] element.</msg>
<msg time="2025-10-26T22:25:29.888652" level="INFO">Pressing special key ENTER to element.</msg>
<msg time="2025-10-26T22:25:29.888652" level="INFO">Releasing special key ENTER.</msg>
<arg>xpath=//input[contains(@placeholder,"SEARCH")]</arg>
<arg>ENTER</arg>
<doc>Simulates the user pressing key(s) to an element or on the active browser.</doc>
<status status="PASS" start="2025-10-26T22:25:29.600601" elapsed="0.297019"/>
</kw>
<kw name="Sleep" owner="BuiltIn">
<msg time="2025-10-26T22:25:31.897972" level="INFO">Slept 2 seconds.</msg>
<arg>${NORMAL_SLEEP}</arg>
<doc>Pauses the test executed for the given time.</doc>
<status status="PASS" start="2025-10-26T22:25:29.897620" elapsed="2.000352"/>
</kw>
<kw name="Log To Console" owner="BuiltIn">
<arg>&gt;&gt; Searched for: ${search_term}</arg>
<doc>Logs the given message to the console.</doc>
<status status="PASS" start="2025-10-26T22:25:31.897972" elapsed="0.000000"/>
</kw>
<arg>Action</arg>
<status status="PASS" start="2025-10-26T22:25:29.452561" elapsed="2.445411"/>
</kw>
<kw name="Check Search Results Contain" owner="keywords">
<kw name="Get Text" owner="SeleniumLibrary">
<msg time="2025-10-26T22:25:31.954736" level="INFO">${page_content} = Discover
Popular
Trend
Newest
Top rated
Action
Drama, 1980
Action
Action, 2014
Action
Western, 1921
Action
, 2022
Action
, NaN
Action
, 2023
Action!
Drama, 2022
Action!
Action, 2024
Action!
, 2022
Act...</msg>
<var>${page_content}</var>
<arg>//body</arg>
<doc>Returns the text value of the element identified by ``locator``.</doc>
<status status="PASS" start="2025-10-26T22:25:31.899775" elapsed="0.054961"/>
</kw>
<kw name="Should Contain" owner="BuiltIn">
<arg>${page_content}</arg>
<arg>${expected_term}</arg>
<doc>Fails if ``container`` does not contain ``item`` one or more times.</doc>
<status status="PASS" start="2025-10-26T22:25:31.955984" elapsed="0.000000"/>
</kw>
<kw name="Log To Console" owner="BuiltIn">
<arg>&gt;&gt; Search results contain: ${expected_term}</arg>
<doc>Logs the given message to the console.</doc>
<status status="PASS" start="2025-10-26T22:25:31.955984" elapsed="0.000000"/>
</kw>
<arg>Action</arg>
<status status="PASS" start="2025-10-26T22:25:31.899775" elapsed="0.056209"/>
</kw>
<kw name="Clear Search" owner="keywords">
<kw name="Wait Until Element Is Visible" owner="SeleniumLibrary">
<arg>xpath=//input[contains(@placeholder,"SEARCH")]</arg>
<arg>timeout=${TIMEOUT}</arg>
<doc>Waits until the element ``locator`` is visible.</doc>
<status status="PASS" start="2025-10-26T22:25:31.958035" elapsed="0.029926"/>
</kw>
<kw name="Clear Element Text" owner="SeleniumLibrary">
<arg>xpath=//input[contains(@placeholder,"SEARCH")]</arg>
<doc>Clears the value of the text-input-element identified by ``locator``.</doc>
<status status="PASS" start="2025-10-26T22:25:31.987961" elapsed="0.045182"/>
</kw>
<kw name="Press Keys" owner="SeleniumLibrary">
<msg time="2025-10-26T22:25:32.033143" level="INFO">Sending key(s) ('ENTER',) to xpath=//input[contains(@placeholder,"SEARCH")] element.</msg>
<msg time="2025-10-26T22:25:32.425872" level="INFO">Pressing special key ENTER to element.</msg>
<msg time="2025-10-26T22:25:32.425872" level="INFO">Releasing special key ENTER.</msg>
<arg>xpath=//input[contains(@placeholder,"SEARCH")]</arg>
<arg>ENTER</arg>
<doc>Simulates the user pressing key(s) to an element or on the active browser.</doc>
<status status="PASS" start="2025-10-26T22:25:32.033143" elapsed="0.406082"/>
</kw>
<kw name="Sleep" owner="BuiltIn">
<msg time="2025-10-26T22:25:34.439604" level="INFO">Slept 2 seconds.</msg>
<arg>${NORMAL_SLEEP}</arg>
<doc>Pauses the test executed for the given time.</doc>
<status status="PASS" start="2025-10-26T22:25:32.439225" elapsed="2.000379"/>
</kw>
<kw name="Log To Console" owner="BuiltIn">
<arg>&gt;&gt; Search cleared</arg>
<doc>Logs the given message to the console.</doc>
<status status="PASS" start="2025-10-26T22:25:34.439604" elapsed="0.000000"/>
</kw>
<status status="PASS" start="2025-10-26T22:25:31.955984" elapsed="2.483620"/>
</kw>
<kw name="Get Text" owner="SeleniumLibrary">
<msg time="2025-10-26T22:25:34.520536" level="INFO">${page_content} = Discover
Popular
Trend
Newest
Top rated
Action
Drama, 1980
Action
Action, 2014
Action
Western, 1921
Action
, 2022
Action
, NaN
Action
, 2023
Action!
Drama, 2022
Action!
Action, 2024
Action!
, 2022
Act...</msg>
<var>${page_content}</var>
<arg>tag=body</arg>
<doc>Returns the text value of the element identified by ``locator``.</doc>
<status status="PASS" start="2025-10-26T22:25:34.441638" elapsed="0.078898"/>
</kw>
<kw name="Should Contain" owner="BuiltIn">
<arg>${page_content}</arg>
<arg>Discover</arg>
<doc>Fails if ``container`` does not contain ``item`` one or more times.</doc>
<status status="PASS" start="2025-10-26T22:25:34.520536" elapsed="0.002015"/>
</kw>
<kw name="Close Browser" owner="SeleniumLibrary" type="TEARDOWN">
<doc>Closes the current browser.</doc>
<status status="PASS" start="2025-10-26T22:25:34.522551" elapsed="2.750761"/>
</kw>
<doc>Test the search feature with various inputs</doc>
<tag>functional</tag>
<tag>search</tag>
<status status="PASS" start="2025-10-26T22:25:11.155543" elapsed="26.117769"/>
</test>
<test id="s1-s1-t3" name="RRQA/Filters/Test Advanced Filters On Category Pages/TC003" line="60">
<kw name="Open Browser with TMDB URL" owner="keywords" type="SETUP">
<kw name="Open Browser" owner="SeleniumLibrary">
<msg time="2025-10-26T22:25:37.276354" level="INFO">Opening browser 'chrome' to base url 'https://tmdb-discover.surge.sh/'.</msg>
<arg>${BASE_URL}</arg>
<arg>${BROWSER}</arg>
<doc>Opens a new browser instance to the optional ``url``.</doc>
<status status="PASS" start="2025-10-26T22:25:37.276354" elapsed="2.856509"/>
</kw>
<kw name="Maximize Browser Window" owner="SeleniumLibrary">
<doc>Maximizes current browser window.</doc>
<status status="PASS" start="2025-10-26T22:25:40.132863" elapsed="11.221163"/>
</kw>
<kw name="Wait Until Page Contains" owner="SeleniumLibrary">
<arg>text=Previous</arg>
<arg>timeout=${TIMEOUT}</arg>
<doc>Waits until ``text`` appears on the current page.</doc>
<status status="PASS" start="2025-10-26T22:25:51.354026" elapsed="0.025354"/>
</kw>
<doc>Open web site</doc>
<status status="PASS" start="2025-10-26T22:25:37.276354" elapsed="14.103026"/>
</kw>
<kw name="Click Category" owner="keywords">
<kw name="Wait Until Element Is Visible" owner="SeleniumLibrary">
<arg>xpath=//a[normalize-space()="${category}"]</arg>
<arg>timeout=${TIMEOUT}</arg>
<doc>Waits until the element ``locator`` is visible.</doc>
<status status="PASS" start="2025-10-26T22:25:51.380757" elapsed="0.032832"/>
</kw>
<kw name="Click Element" owner="SeleniumLibrary">
<msg time="2025-10-26T22:25:51.413589" level="INFO">Clicking element 'xpath=//a[normalize-space()="Trend"]'.</msg>
<arg>xpath=//a[normalize-space()="${category}"]</arg>
<doc>Click the element identified by ``locator``.</doc>
<status status="PASS" start="2025-10-26T22:25:51.413589" elapsed="0.153684"/>
</kw>
<kw name="Wait Until Page Contains Element" owner="SeleniumLibrary">
<arg>//body</arg>
<arg>timeout=${TIMEOUT}</arg>
<doc>Waits until the element ``locator`` appears on the current page.</doc>
<status status="PASS" start="2025-10-26T22:25:51.567273" elapsed="0.020608"/>
</kw>
<kw name="Sleep" owner="BuiltIn">
<msg time="2025-10-26T22:25:53.588742" level="INFO">Slept 2 seconds.</msg>
<arg>${NORMAL_SLEEP}</arg>
<doc>Pauses the test executed for the given time.</doc>
<status status="PASS" start="2025-10-26T22:25:51.587881" elapsed="2.000861"/>
</kw>
<kw name="Log To Console" owner="BuiltIn">
<arg>&gt;&gt; Category: ${category}</arg>
<doc>Logs the given message to the console.</doc>
<status status="PASS" start="2025-10-26T22:25:53.588742" elapsed="0.000000"/>
</kw>
<arg>Trend</arg>
<status status="PASS" start="2025-10-26T22:25:51.380757" elapsed="2.207985"/>
</kw>
<kw name="Wait For Advanced Filters" owner="keywords">
<kw name="Wait Until Page Contains" owner="SeleniumLibrary">
<arg>DISCOVER OPTIONS</arg>
<arg>timeout=${TIMEOUT}</arg>
<doc>Waits until ``text`` appears on the current page.</doc>
<status status="PASS" start="2025-10-26T22:25:53.591400" elapsed="0.015967"/>
</kw>
<kw name="Sleep" owner="BuiltIn">
<msg time="2025-10-26T22:25:54.607951" level="INFO">Slept 1 second.</msg>
<arg>${QUICK_SLEEP}</arg>
<doc>Pauses the test executed for the given time.</doc>
<status status="PASS" start="2025-10-26T22:25:53.607367" elapsed="1.000584"/>
</kw>
<status status="PASS" start="2025-10-26T22:25:53.588742" elapsed="1.019209"/>
</kw>
<kw name="Get WebElements" owner="SeleniumLibrary">
<msg time="2025-10-26T22:25:54.626259" level="INFO">${genre_elements} = []</msg>
<var>${genre_elements}</var>
<arg>text=Genre</arg>
<doc>Returns a list of WebElement objects matching the ``locator``.</doc>
<status status="PASS" start="2025-10-26T22:25:54.607951" elapsed="0.018308"/>
</kw>
<kw name="Get Length" owner="BuiltIn">
<msg time="2025-10-26T22:25:54.626259" level="INFO">Length is 0.</msg>
<msg time="2025-10-26T22:25:54.626259" level="INFO">${genre_count} = 0</msg>
<var>${genre_count}</var>
<arg>${genre_elements}</arg>
<doc>Returns and logs the length of the given item as an integer.</doc>
<status status="PASS" start="2025-10-26T22:25:54.626259" elapsed="0.000000"/>
</kw>
<kw name="Run Keyword If" owner="BuiltIn">
<arg>${genre_count} &gt; 0</arg>
<arg>Test Genre Filter</arg>
<doc>Runs the given keyword with the given arguments, if ``condition`` is true.</doc>
<status status="PASS" start="2025-10-26T22:25:54.626259" elapsed="0.000000"/>
</kw>
<kw name="Get WebElements" owner="SeleniumLibrary">
<msg time="2025-10-26T22:25:54.644996" level="INFO">${year_elements} = []</msg>
<var>${year_elements}</var>
<arg>text=Year</arg>
<doc>Returns a list of WebElement objects matching the ``locator``.</doc>
<status status="PASS" start="2025-10-26T22:25:54.626259" elapsed="0.018737"/>
</kw>
<kw name="Get Length" owner="BuiltIn">
<msg time="2025-10-26T22:25:54.644996" level="INFO">Length is 0.</msg>
<msg time="2025-10-26T22:25:54.644996" level="INFO">${year_count} = 0</msg>
<var>${year_count}</var>
<arg>${year_elements}</arg>
<doc>Returns and logs the length of the given item as an integer.</doc>
<status status="PASS" start="2025-10-26T22:25:54.644996" elapsed="0.000000"/>
</kw>
<kw name="Run Keyword If" owner="BuiltIn">
<arg>${year_count} &gt; 0</arg>
<arg>Test Year Filter</arg>
<doc>Runs the given keyword with the given arguments, if ``condition`` is true.</doc>
<status status="PASS" start="2025-10-26T22:25:54.647392" elapsed="0.000000"/>
</kw>
<kw name="Get WebElements" owner="SeleniumLibrary">
<msg time="2025-10-26T22:25:54.660278" level="INFO">${type_elements} = []</msg>
<var>${type_elements}</var>
<arg>text=Type</arg>
<doc>Returns a list of WebElement objects matching the ``locator``.</doc>
<status status="PASS" start="2025-10-26T22:25:54.647392" elapsed="0.012886"/>
</kw>
<kw name="Get Length" owner="BuiltIn">
<msg time="2025-10-26T22:25:54.664172" level="INFO">Length is 0.</msg>
<msg time="2025-10-26T22:25:54.664172" level="INFO">${type_count} = 0</msg>
<var>${type_count}</var>
<arg>${type_elements}</arg>
<doc>Returns and logs the length of the given item as an integer.</doc>
<status status="PASS" start="2025-10-26T22:25:54.664172" elapsed="0.000000"/>
</kw>
<kw name="Run Keyword If" owner="BuiltIn">
<arg>${type_count} &gt; 0</arg>
<arg>Test Type Filter</arg>
<doc>Runs the given keyword with the given arguments, if ``condition`` is true.</doc>
<status status="PASS" start="2025-10-26T22:25:54.664172" elapsed="0.000000"/>
</kw>
<kw name="Close Browser" owner="SeleniumLibrary" type="TEARDOWN">
<doc>Closes the current browser.</doc>
<status status="PASS" start="2025-10-26T22:25:54.664172" elapsed="2.296520"/>
</kw>
<doc>Test the advanced filtering options that appear on category pages</doc>
<tag>advanced</tag>
<tag>filters</tag>
<status status="PASS" start="2025-10-26T22:25:37.273312" elapsed="19.687380"/>
</test>
<test id="s1-s1-t4" name="RRQA/Filters/Test Movie Type Filter/TC001" line="84">
<kw name="Open Browser with TMDB URL" owner="keywords" type="SETUP">
<kw name="Open Browser" owner="SeleniumLibrary">
<msg time="2025-10-26T22:25:56.960692" level="INFO">Opening browser 'chrome' to base url 'https://tmdb-discover.surge.sh/'.</msg>
<arg>${BASE_URL}</arg>
<arg>${BROWSER}</arg>
<doc>Opens a new browser instance to the optional ``url``.</doc>
<status status="PASS" start="2025-10-26T22:25:56.960692" elapsed="10.741411"/>
</kw>
<kw name="Maximize Browser Window" owner="SeleniumLibrary">
<doc>Maximizes current browser window.</doc>
<status status="PASS" start="2025-10-26T22:26:07.703282" elapsed="0.059304"/>
</kw>
<kw name="Wait Until Page Contains" owner="SeleniumLibrary">
<arg>text=Previous</arg>
<arg>timeout=${TIMEOUT}</arg>
<doc>Waits until ``text`` appears on the current page.</doc>
<status status="PASS" start="2025-10-26T22:26:07.762586" elapsed="0.030913"/>
</kw>
<doc>Open web site</doc>
<status status="PASS" start="2025-10-26T22:25:56.960692" elapsed="10.832807"/>
</kw>
<kw name="Click Category" owner="keywords">
<kw name="Wait Until Element Is Visible" owner="SeleniumLibrary">
<arg>xpath=//a[normalize-space()="${category}"]</arg>
<arg>timeout=${TIMEOUT}</arg>
<doc>Waits until the element ``locator`` is visible.</doc>
<status status="PASS" start="2025-10-26T22:26:07.796491" elapsed="0.033748"/>
</kw>
<kw name="Click Element" owner="SeleniumLibrary">
<msg time="2025-10-26T22:26:07.831590" level="INFO">Clicking element 'xpath=//a[normalize-space()="Trend"]'.</msg>
<arg>xpath=//a[normalize-space()="${category}"]</arg>
<doc>Click the element identified by ``locator``.</doc>
<status status="PASS" start="2025-10-26T22:26:07.831590" elapsed="0.166005"/>
</kw>
<kw name="Wait Until Page Contains Element" owner="SeleniumLibrary">
<arg>//body</arg>
<arg>timeout=${TIMEOUT}</arg>
<doc>Waits until the element ``locator`` appears on the current page.</doc>
<status status="PASS" start="2025-10-26T22:26:07.998609" elapsed="0.019442"/>
</kw>
<kw name="Sleep" owner="BuiltIn">
<msg time="2025-10-26T22:26:10.018520" level="INFO">Slept 2 seconds.</msg>
<arg>${NORMAL_SLEEP}</arg>
<doc>Pauses the test executed for the given time.</doc>
<status status="PASS" start="2025-10-26T22:26:08.018051" elapsed="2.000469"/>
</kw>
<kw name="Log To Console" owner="BuiltIn">
<arg>&gt;&gt; Category: ${category}</arg>
<doc>Logs the given message to the console.</doc>
<status status="PASS" start="2025-10-26T22:26:10.018520" elapsed="0.001014"/>
</kw>
<arg>Trend</arg>
<status status="PASS" start="2025-10-26T22:26:07.795475" elapsed="2.224059"/>
</kw>
<kw name="Wait For Advanced Filters" owner="keywords">
<kw name="Wait Until Page Contains" owner="SeleniumLibrary">
<arg>DISCOVER OPTIONS</arg>
<arg>timeout=${TIMEOUT}</arg>
<doc>Waits until ``text`` appears on the current page.</doc>
<status status="PASS" start="2025-10-26T22:26:10.021966" elapsed="0.016424"/>
</kw>
<kw name="Sleep" owner="BuiltIn">
<msg time="2025-10-26T22:26:11.038748" level="INFO">Slept 1 second.</msg>
<arg>${QUICK_SLEEP}</arg>
<doc>Pauses the test executed for the given time.</doc>
<status status="PASS" start="2025-10-26T22:26:10.038390" elapsed="1.000358"/>
</kw>
<status status="PASS" start="2025-10-26T22:26:10.020819" elapsed="1.017929"/>
</kw>
<kw name="Get Text" owner="SeleniumLibrary">
<msg time="2025-10-26T22:26:11.117378" level="INFO">${page_content} = Discover
Popular
Trend
Newest
Top rated
A House of Dynamite
War, 2025
The Long Walk
Thriller, 2025
The Roses
Comedy, 2025
The Elixir
Horror, 2025
The Fantastic 4: First Steps
Science Fiction, 2025
Cha...</msg>
<var>${page_content}</var>
<arg>tag=body</arg>
<doc>Returns the text value of the element identified by ``locator``.</doc>
<status status="PASS" start="2025-10-26T22:26:11.039977" elapsed="0.077401"/>
</kw>
<kw name="Should Contain" owner="BuiltIn">
<arg>${page_content}</arg>
<arg>Movie</arg>
<doc>Fails if ``container`` does not contain ``item`` one or more times.</doc>
<status status="PASS" start="2025-10-26T22:26:11.117378" elapsed="0.001214"/>
</kw>
<kw name="Get Text" owner="SeleniumLibrary">
<msg time="2025-10-26T22:26:11.165637" level="INFO">${initial_content} = Discover
Popular
Trend
Newest
Top rated
A House of Dynamite
War, 2025
The Long Walk
Thriller, 2025
The Roses
Comedy, 2025
The Elixir
Horror, 2025
The Fantastic 4: First Steps
Science Fiction, 2025
Cha...</msg>
<var>${initial_content}</var>
<arg>tag=body</arg>
<doc>Returns the text value of the element identified by ``locator``.</doc>
<status status="PASS" start="2025-10-26T22:26:11.118592" elapsed="0.047045"/>
</kw>
<kw name="Get WebElements" owner="SeleniumLibrary">
<msg time="2025-10-26T22:26:11.180285" level="INFO">${tv_elements} = []</msg>
<var>${tv_elements}</var>
<arg>text=TV</arg>
<doc>Returns a list of WebElement objects matching the ``locator``.</doc>
<status status="PASS" start="2025-10-26T22:26:11.166788" elapsed="0.013497"/>
</kw>
<kw name="Get Length" owner="BuiltIn">
<msg time="2025-10-26T22:26:11.181388" level="INFO">Length is 0.</msg>
<msg time="2025-10-26T22:26:11.181388" level="INFO">${tv_count} = 0</msg>
<var>${tv_count}</var>
<arg>${tv_elements}</arg>
<doc>Returns and logs the length of the given item as an integer.</doc>
<status status="PASS" start="2025-10-26T22:26:11.180285" elapsed="0.001103"/>
</kw>
<kw name="Run Keyword If" owner="BuiltIn">
<arg>${tv_count} &gt; 0</arg>
<arg>Click</arg>
<arg>text=TV</arg>
<doc>Runs the given keyword with the given arguments, if ``condition`` is true.</doc>
<status status="PASS" start="2025-10-26T22:26:11.182364" elapsed="0.000000"/>
</kw>
<kw name="Run Keyword If" owner="BuiltIn">
<arg>${tv_count} &gt; 0</arg>
<arg>Wait For Load State</arg>
<arg>networkidle</arg>
<doc>Runs the given keyword with the given arguments, if ``condition`` is true.</doc>
<status status="PASS" start="2025-10-26T22:26:11.183746" elapsed="0.000000"/>
</kw>
<kw name="Run Keyword If" owner="BuiltIn">
<arg>${tv_count} &gt; 0</arg>
<arg>Verify Content Changed</arg>
<arg>${initial_content}</arg>
<doc>Runs the given keyword with the given arguments, if ``condition`` is true.</doc>
<status status="PASS" start="2025-10-26T22:26:11.183746" elapsed="0.001114"/>
</kw>
<kw name="Close Browser" owner="SeleniumLibrary" type="TEARDOWN">
<doc>Closes the current browser.</doc>
<status status="PASS" start="2025-10-26T22:26:11.184860" elapsed="2.240216"/>
</kw>
<doc>Specifically test Movie vs TV Show type filtering</doc>
<tag>movies</tag>
<tag>tv-shows</tag>
<tag>type-filter</tag>
<status status="PASS" start="2025-10-26T22:25:56.960692" elapsed="16.464910"/>
</test>
<test id="s1-s1-t5" name="RRQA/Filters/Test Year Filter Functionality/TC004" line="103">
<kw name="Open Browser with TMDB URL" owner="keywords" type="SETUP">
<kw name="Open Browser" owner="SeleniumLibrary">
<msg time="2025-10-26T22:26:13.430837" level="INFO">Opening browser 'chrome' to base url 'https://tmdb-discover.surge.sh/'.</msg>
<arg>${BASE_URL}</arg>
<arg>${BROWSER}</arg>
<doc>Opens a new browser instance to the optional ``url``.</doc>
<status status="PASS" start="2025-10-26T22:26:13.430837" elapsed="27.507686"/>
</kw>
<kw name="Maximize Browser Window" owner="SeleniumLibrary">
<doc>Maximizes current browser window.</doc>
<status status="PASS" start="2025-10-26T22:26:40.939782" elapsed="0.073256"/>
</kw>
<kw name="Wait Until Page Contains" owner="SeleniumLibrary">
<arg>text=Previous</arg>
<arg>timeout=${TIMEOUT}</arg>
<doc>Waits until ``text`` appears on the current page.</doc>
<status status="PASS" start="2025-10-26T22:26:41.013038" elapsed="0.049493"/>
</kw>
<doc>Open web site</doc>
<status status="PASS" start="2025-10-26T22:26:13.429644" elapsed="27.632887"/>
</kw>
<kw name="Click Category" owner="keywords">
<kw name="Wait Until Element Is Visible" owner="SeleniumLibrary">
<arg>xpath=//a[normalize-space()="${category}"]</arg>
<arg>timeout=${TIMEOUT}</arg>
<doc>Waits until the element ``locator`` is visible.</doc>
<status status="PASS" start="2025-10-26T22:26:41.063780" elapsed="0.059091"/>
</kw>
<kw name="Click Element" owner="SeleniumLibrary">
<msg time="2025-10-26T22:26:41.124060" level="INFO">Clicking element 'xpath=//a[normalize-space()="Newest"]'.</msg>
<arg>xpath=//a[normalize-space()="${category}"]</arg>
<doc>Click the element identified by ``locator``.</doc>
<status status="PASS" start="2025-10-26T22:26:41.124060" elapsed="0.183428"/>
</kw>
<kw name="Wait Until Page Contains Element" owner="SeleniumLibrary">
<arg>//body</arg>
<arg>timeout=${TIMEOUT}</arg>
<doc>Waits until the element ``locator`` appears on the current page.</doc>
<status status="PASS" start="2025-10-26T22:26:41.308895" elapsed="0.020628"/>
</kw>
<kw name="Sleep" owner="BuiltIn">
<msg time="2025-10-26T22:26:43.331965" level="INFO">Slept 2 seconds.</msg>
<arg>${NORMAL_SLEEP}</arg>
<doc>Pauses the test executed for the given time.</doc>
<status status="PASS" start="2025-10-26T22:26:41.329523" elapsed="2.002442"/>
</kw>
<kw name="Log To Console" owner="BuiltIn">
<arg>&gt;&gt; Category: ${category}</arg>
<doc>Logs the given message to the console.</doc>
<status status="PASS" start="2025-10-26T22:26:43.331965" elapsed="0.000000"/>
</kw>
<arg>Newest</arg>
<status status="PASS" start="2025-10-26T22:26:41.063780" elapsed="2.268185"/>
</kw>
<kw name="Wait For Advanced Filters" owner="keywords">
<kw name="Wait Until Page Contains" owner="SeleniumLibrary">
<arg>DISCOVER OPTIONS</arg>
<arg>timeout=${TIMEOUT}</arg>
<doc>Waits until ``text`` appears on the current page.</doc>
<status status="PASS" start="2025-10-26T22:26:43.331965" elapsed="0.020994"/>
</kw>
<kw name="Sleep" owner="BuiltIn">
<msg time="2025-10-26T22:26:44.353473" level="INFO">Slept 1 second.</msg>
<arg>${QUICK_SLEEP}</arg>
<doc>Pauses the test executed for the given time.</doc>
<status status="PASS" start="2025-10-26T22:26:43.352959" elapsed="1.000514"/>
</kw>
<status status="PASS" start="2025-10-26T22:26:43.331965" elapsed="1.021508"/>
</kw>
<kw name="Get WebElements" owner="SeleniumLibrary">
<msg time="2025-10-26T22:26:44.368654" level="INFO">${year_inputs} = []</msg>
<var>${year_inputs}</var>
<arg>input</arg>
<doc>Returns a list of WebElement objects matching the ``locator``.</doc>
<status status="PASS" start="2025-10-26T22:26:44.353473" elapsed="0.015181"/>
</kw>
<kw name="Get Length" owner="BuiltIn">
<msg time="2025-10-26T22:26:44.368654" level="INFO">Length is 0.</msg>
<msg time="2025-10-26T22:26:44.368654" level="INFO">${year_count} = 0</msg>
<var>${year_count}</var>
<arg>${year_inputs}</arg>
<doc>Returns and logs the length of the given item as an integer.</doc>
<status status="PASS" start="2025-10-26T22:26:44.368654" elapsed="0.000000"/>
</kw>
<kw name="Run Keyword If" owner="BuiltIn">
<arg>${year_count} &gt; 0</arg>
<arg>Test Year Input</arg>
<arg>2020</arg>
<doc>Runs the given keyword with the given arguments, if ``condition`` is true.</doc>
<status status="PASS" start="2025-10-26T22:26:44.375492" elapsed="0.000000"/>
</kw>
<kw name="Run Keyword If" owner="BuiltIn">
<arg>${year_count} &gt; 0</arg>
<arg>Test Year Input</arg>
<arg>2023</arg>
<doc>Runs the given keyword with the given arguments, if ``condition`` is true.</doc>
<status status="PASS" start="2025-10-26T22:26:44.377514" elapsed="0.000000"/>
</kw>
<kw name="Close Browser" owner="SeleniumLibrary" type="TEARDOWN">
<doc>Closes the current browser.</doc>
<status status="PASS" start="2025-10-26T22:26:44.379077" elapsed="2.298157"/>
</kw>
<doc>Test year-based filtering</doc>
<tag>temporal</tag>
<tag>year-filter</tag>
<status status="PASS" start="2025-10-26T22:26:13.429644" elapsed="33.247590"/>
</test>
<test id="s1-s1-t6" name="RRQA/Filters/Test Rating Filter Functionality/TC005" line="119">
<kw name="Open Browser with TMDB URL" owner="keywords" type="SETUP">
<kw name="Open Browser" owner="SeleniumLibrary">
<msg time="2025-10-26T22:26:46.680851" level="INFO">Opening browser 'chrome' to base url 'https://tmdb-discover.surge.sh/'.</msg>
<arg>${BASE_URL}</arg>
<arg>${BROWSER}</arg>
<doc>Opens a new browser instance to the optional ``url``.</doc>
<status status="PASS" start="2025-10-26T22:26:46.680851" elapsed="5.329708"/>
</kw>
<kw name="Maximize Browser Window" owner="SeleniumLibrary">
<doc>Maximizes current browser window.</doc>
<status status="PASS" start="2025-10-26T22:26:52.010559" elapsed="0.053134"/>
</kw>
<kw name="Wait Until Page Contains" owner="SeleniumLibrary">
<arg>text=Previous</arg>
<arg>timeout=${TIMEOUT}</arg>
<doc>Waits until ``text`` appears on the current page.</doc>
<status status="PASS" start="2025-10-26T22:26:52.063693" elapsed="0.448395"/>
</kw>
<doc>Open web site</doc>
<status status="PASS" start="2025-10-26T22:26:46.680851" elapsed="5.831237"/>
</kw>
<kw name="Click Category" owner="keywords">
<kw name="Wait Until Element Is Visible" owner="SeleniumLibrary">
<arg>xpath=//a[normalize-space()="${category}"]</arg>
<arg>timeout=${TIMEOUT}</arg>
<doc>Waits until the element ``locator`` is visible.</doc>
<status status="PASS" start="2025-10-26T22:26:52.513197" elapsed="0.029217"/>
</kw>
<kw name="Click Element" owner="SeleniumLibrary">
<msg time="2025-10-26T22:26:52.542414" level="INFO">Clicking element 'xpath=//a[normalize-space()="Top rated"]'.</msg>
<arg>xpath=//a[normalize-space()="${category}"]</arg>
<doc>Click the element identified by ``locator``.</doc>
<status status="PASS" start="2025-10-26T22:26:52.542414" elapsed="0.136396"/>
</kw>
<kw name="Wait Until Page Contains Element" owner="SeleniumLibrary">
<arg>//body</arg>
<arg>timeout=${TIMEOUT}</arg>
<doc>Waits until the element ``locator`` appears on the current page.</doc>
<status status="PASS" start="2025-10-26T22:26:52.680102" elapsed="0.037206"/>
</kw>
<kw name="Sleep" owner="BuiltIn">
<msg time="2025-10-26T22:26:54.719154" level="INFO">Slept 2 seconds.</msg>
<arg>${NORMAL_SLEEP}</arg>
<doc>Pauses the test executed for the given time.</doc>
<status status="PASS" start="2025-10-26T22:26:52.717308" elapsed="2.001846"/>
</kw>
<kw name="Log To Console" owner="BuiltIn">
<arg>&gt;&gt; Category: ${category}</arg>
<doc>Logs the given message to the console.</doc>
<status status="PASS" start="2025-10-26T22:26:54.719154" elapsed="0.000000"/>
</kw>
<arg>Top rated</arg>
<status status="PASS" start="2025-10-26T22:26:52.513197" elapsed="2.205957"/>
</kw>
<kw name="Wait For Advanced Filters" owner="keywords">
<kw name="Wait Until Page Contains" owner="SeleniumLibrary">
<arg>DISCOVER OPTIONS</arg>
<arg>timeout=${TIMEOUT}</arg>
<doc>Waits until ``text`` appears on the current page.</doc>
<status status="PASS" start="2025-10-26T22:26:54.720770" elapsed="0.022376"/>
</kw>
<kw name="Sleep" owner="BuiltIn">
<msg time="2025-10-26T22:26:55.744609" level="INFO">Slept 1 second.</msg>
<arg>${QUICK_SLEEP}</arg>
<doc>Pauses the test executed for the given time.</doc>
<status status="PASS" start="2025-10-26T22:26:54.743146" elapsed="1.001463"/>
</kw>
<status status="PASS" start="2025-10-26T22:26:54.720770" elapsed="1.023839"/>
</kw>
<kw name="Get WebElements" owner="SeleniumLibrary">
<msg time="2025-10-26T22:26:55.757639" level="INFO">${rating_elements} = []</msg>
<var>${rating_elements}</var>
<arg>text=/[Rr]ating/</arg>
<doc>Returns a list of WebElement objects matching the ``locator``.</doc>
<status status="PASS" start="2025-10-26T22:26:55.744609" elapsed="0.013030"/>
</kw>
<kw name="Get Length" owner="BuiltIn">
<msg time="2025-10-26T22:26:55.759059" level="INFO">Length is 0.</msg>
<msg time="2025-10-26T22:26:55.759059" level="INFO">${rating_count} = 0</msg>
<var>${rating_count}</var>
<arg>${rating_elements}</arg>
<doc>Returns and logs the length of the given item as an integer.</doc>
<status status="PASS" start="2025-10-26T22:26:55.759059" elapsed="0.000000"/>
</kw>
<kw name="Run Keyword If" owner="BuiltIn">
<arg>${rating_count} &gt; 0</arg>
<arg>Log To Console</arg>
<arg>&gt;&gt; Rating filters found</arg>
<doc>Runs the given keyword with the given arguments, if ``condition`` is true.</doc>
<status status="PASS" start="2025-10-26T22:26:55.760234" elapsed="0.000000"/>
</kw>
<kw name="Run Keyword If" owner="BuiltIn">
<arg>${rating_count} &gt; 0</arg>
<arg>Test Rating Controls</arg>
<doc>Runs the given keyword with the given arguments, if ``condition`` is true.</doc>
<status status="PASS" start="2025-10-26T22:26:55.760234" elapsed="0.000000"/>
</kw>
<kw name="Close Browser" owner="SeleniumLibrary" type="TEARDOWN">
<doc>Closes the current browser.</doc>
<status status="PASS" start="2025-10-26T22:26:55.761624" elapsed="2.197184"/>
</kw>
<doc>Test rating-based filtering (if available)</doc>
<tag>rating-filter</tag>
<status status="PASS" start="2025-10-26T22:26:46.680851" elapsed="11.279223"/>
</test>
<test id="s1-s1-t7" name="RRQA/Filters/Test Genre Filter Functionality/TC006" line="134">
<kw name="Open Browser with TMDB URL" owner="keywords" type="SETUP">
<kw name="Open Browser" owner="SeleniumLibrary">
<msg time="2025-10-26T22:26:57.962683" level="INFO">Opening browser 'chrome' to base url 'https://tmdb-discover.surge.sh/'.</msg>
<arg>${BASE_URL}</arg>
<arg>${BROWSER}</arg>
<doc>Opens a new browser instance to the optional ``url``.</doc>
<status status="PASS" start="2025-10-26T22:26:57.962683" elapsed="14.402022"/>
</kw>
<kw name="Maximize Browser Window" owner="SeleniumLibrary">
<doc>Maximizes current browser window.</doc>
<status status="PASS" start="2025-10-26T22:27:12.365072" elapsed="0.071959"/>
</kw>
<kw name="Wait Until Page Contains" owner="SeleniumLibrary">
<arg>text=Previous</arg>
<arg>timeout=${TIMEOUT}</arg>
<doc>Waits until ``text`` appears on the current page.</doc>
<status status="PASS" start="2025-10-26T22:27:12.437031" elapsed="0.037803"/>
</kw>
<doc>Open web site</doc>
<status status="PASS" start="2025-10-26T22:26:57.962683" elapsed="14.512151"/>
</kw>
<kw name="Click Category" owner="keywords">
<kw name="Wait Until Element Is Visible" owner="SeleniumLibrary">
<arg>xpath=//a[normalize-space()="${category}"]</arg>
<arg>timeout=${TIMEOUT}</arg>
<doc>Waits until the element ``locator`` is visible.</doc>
<status status="PASS" start="2025-10-26T22:27:12.477748" elapsed="0.054190"/>
</kw>
<kw name="Click Element" owner="SeleniumLibrary">
<msg time="2025-10-26T22:27:12.533210" level="INFO">Clicking element 'xpath=//a[normalize-space()="Popular"]'.</msg>
<arg>xpath=//a[normalize-space()="${category}"]</arg>
<doc>Click the element identified by ``locator``.</doc>
<status status="PASS" start="2025-10-26T22:27:12.531938" elapsed="0.145500"/>
</kw>
<kw name="Wait Until Page Contains Element" owner="SeleniumLibrary">
<arg>//body</arg>
<arg>timeout=${TIMEOUT}</arg>
<doc>Waits until the element ``locator`` appears on the current page.</doc>
<status status="PASS" start="2025-10-26T22:27:12.678642" elapsed="0.017724"/>
</kw>
<kw name="Sleep" owner="BuiltIn">
<msg time="2025-10-26T22:27:14.697922" level="INFO">Slept 2 seconds.</msg>
<arg>${NORMAL_SLEEP}</arg>
<doc>Pauses the test executed for the given time.</doc>
<status status="PASS" start="2025-10-26T22:27:12.697545" elapsed="2.000377"/>
</kw>
<kw name="Log To Console" owner="BuiltIn">
<arg>&gt;&gt; Category: ${category}</arg>
<doc>Logs the given message to the console.</doc>
<status status="PASS" start="2025-10-26T22:27:14.697922" elapsed="0.001012"/>
</kw>
<arg>Popular</arg>
<status status="PASS" start="2025-10-26T22:27:12.477748" elapsed="2.221186"/>
</kw>
<kw name="Wait For Advanced Filters" owner="keywords">
<kw name="Wait Until Page Contains" owner="SeleniumLibrary">
<arg>DISCOVER OPTIONS</arg>
<arg>timeout=${TIMEOUT}</arg>
<doc>Waits until ``text`` appears on the current page.</doc>
<status status="PASS" start="2025-10-26T22:27:14.700187" elapsed="0.014737"/>
</kw>
<kw name="Sleep" owner="BuiltIn">
<msg time="2025-10-26T22:27:15.715715" level="INFO">Slept 1 second.</msg>
<arg>${QUICK_SLEEP}</arg>
<doc>Pauses the test executed for the given time.</doc>
<status status="PASS" start="2025-10-26T22:27:14.714924" elapsed="1.000791"/>
</kw>
<status status="PASS" start="2025-10-26T22:27:14.698934" elapsed="1.016781"/>
</kw>
<kw name="Get Text" owner="SeleniumLibrary">
<msg time="2025-10-26T22:27:15.785826" level="INFO">${page_content} = Discover
Popular
Trend
Newest
Top rated
Our Fault
Romance, 2025
Captain Hook - The Cursed Tides
Adventure, 2025
War of the Worlds
Science Fiction, 2025
Stolen Girl
Thriller, 2025
Hunting Grounds
Actio...</msg>
<var>${page_content}</var>
<arg>tag=body</arg>
<doc>Returns the text value of the element identified by ``locator``.</doc>
<status status="PASS" start="2025-10-26T22:27:15.716881" elapsed="0.068945"/>
</kw>
<kw name="Should Contain" owner="BuiltIn">
<arg>${page_content}</arg>
<arg>Movie</arg>
<doc>Fails if ``container`` does not contain ``item`` one or more times.</doc>
<status status="PASS" start="2025-10-26T22:27:15.787310" elapsed="0.000000"/>
</kw>
<kw name="Get Text" owner="SeleniumLibrary">
<msg time="2025-10-26T22:27:15.835647" level="INFO">${initial_content} = Discover
Popular
Trend
Newest
Top rated
Our Fault
Romance, 2025
Captain Hook - The Cursed Tides
Adventure, 2025
War of the Worlds
Science Fiction, 2025
Stolen Girl
Thriller, 2025
Hunting Grounds
Actio...</msg>
<var>${initial_content}</var>
<arg>tag=body</arg>
<doc>Returns the text value of the element identified by ``locator``.</doc>
<status status="PASS" start="2025-10-26T22:27:15.788455" elapsed="0.047192"/>
</kw>
<kw name="Get WebElements" owner="SeleniumLibrary">
<msg time="2025-10-26T22:27:15.849163" level="INFO">${tv_elements} = []</msg>
<var>${tv_elements}</var>
<arg>text=TV</arg>
<doc>Returns a list of WebElement objects matching the ``locator``.</doc>
<status status="PASS" start="2025-10-26T22:27:15.835647" elapsed="0.013516"/>
</kw>
<kw name="Get Length" owner="BuiltIn">
<msg time="2025-10-26T22:27:15.850753" level="INFO">Length is 0.</msg>
<msg time="2025-10-26T22:27:15.850753" level="INFO">${tv_count} = 0</msg>
<var>${tv_count}</var>
<arg>${tv_elements}</arg>
<doc>Returns and logs the length of the given item as an integer.</doc>
<status status="PASS" start="2025-10-26T22:27:15.850753" elapsed="0.000000"/>
</kw>
<kw name="Run Keyword If" owner="BuiltIn">
<arg>${tv_count} &gt; 0</arg>
<arg>Click</arg>
<arg>text=TV</arg>
<doc>Runs the given keyword with the given arguments, if ``condition`` is true.</doc>
<status status="PASS" start="2025-10-26T22:27:15.850753" elapsed="0.000000"/>
</kw>
<kw name="Run Keyword If" owner="BuiltIn">
<arg>${tv_count} &gt; 0</arg>
<arg>Wait For Load State</arg>
<arg>networkidle</arg>
<doc>Runs the given keyword with the given arguments, if ``condition`` is true.</doc>
<status status="PASS" start="2025-10-26T22:27:15.852367" elapsed="0.000000"/>
</kw>
<kw name="Run Keyword If" owner="BuiltIn">
<arg>${tv_count} &gt; 0</arg>
<arg>Verify Content Changed</arg>
<arg>${initial_content}</arg>
<doc>Runs the given keyword with the given arguments, if ``condition`` is true.</doc>
<status status="PASS" start="2025-10-26T22:27:15.854000" elapsed="0.000000"/>
</kw>
<kw name="Close Browser" owner="SeleniumLibrary" type="TEARDOWN">
<doc>Closes the current browser.</doc>
<status status="PASS" start="2025-10-26T22:27:15.854000" elapsed="2.243616"/>
</kw>
<doc>Test Genre-based filtering</doc>
<tag>Genre-filter</tag>
<status status="PASS" start="2025-10-26T22:26:57.961238" elapsed="20.137461"/>
</test>
<status status="PASS" start="2025-10-26T22:24:41.946740" elapsed="156.154152"/>
</suite>
<suite id="s1-s2" name="FS Negative" source="C:\Users\shank\PycharmProjects\RR-QA-Automation\TestSuites\FS_Negative.robot">
<test id="s1-s2-t1" name="RRQA/Negative/Test Direct Slug Access - Popular/TC001" line="13">
<kw name="Open Browser with TMDB URL" owner="keywords" type="SETUP">
<kw name="Open Browser" owner="SeleniumLibrary">
<msg time="2025-10-26T22:27:18.119357" level="INFO">Opening browser 'chrome' to base url 'https://tmdb-discover.surge.sh/'.</msg>
<arg>${BASE_URL}</arg>
<arg>${BROWSER}</arg>
<doc>Opens a new browser instance to the optional ``url``.</doc>
<status status="PASS" start="2025-10-26T22:27:18.119357" elapsed="11.058180"/>
</kw>
<kw name="Maximize Browser Window" owner="SeleniumLibrary">
<doc>Maximizes current browser window.</doc>
<status status="PASS" start="2025-10-26T22:27:29.177537" elapsed="0.053760"/>
</kw>
<kw name="Wait Until Page Contains" owner="SeleniumLibrary">
<arg>text=Previous</arg>
<arg>timeout=${TIMEOUT}</arg>
<doc>Waits until ``text`` appears on the current page.</doc>
<status status="PASS" start="2025-10-26T22:27:29.231297" elapsed="0.022517"/>
</kw>
<doc>Open web site</doc>
<status status="PASS" start="2025-10-26T22:27:18.118230" elapsed="11.135584"/>
</kw>
<kw name="Go To" owner="SeleniumLibrary">
<msg time="2025-10-26T22:27:29.255290" level="INFO">Opening url 'https://tmdb-discover.surge.sh/popular'</msg>
<arg>${BASE_URL}popular</arg>
<doc>Navigates the current browser window to the provided ``url``.</doc>
<status status="PASS" start="2025-10-26T22:27:29.254924" elapsed="1.096316"/>
</kw>
<kw name="Get Text" owner="SeleniumLibrary">
<msg time="2025-10-26T22:27:30.395438" level="INFO">${page_content} = page not found
powered by surge.sh</msg>
<var>${page_content}</var>
<arg>//body</arg>
<doc>Returns the text value of the element identified by ``locator``.</doc>
<status status="PASS" start="2025-10-26T22:27:30.352338" elapsed="0.043100"/>
</kw>
<kw name="Get Location" owner="SeleniumLibrary">
<msg time="2025-10-26T22:27:30.403835" level="INFO">${current_url} = https://tmdb-discover.surge.sh/popular</msg>
<var>${current_url}</var>
<doc>Returns the current browser window URL.</doc>
<status status="PASS" start="2025-10-26T22:27:30.396939" elapsed="0.006896"/>
</kw>
<kw name="Log To Console" owner="BuiltIn">
<arg>&gt;&gt; Direct popular slug access - URL: ${current_url}</arg>
<doc>Logs the given message to the console.</doc>
<status status="PASS" start="2025-10-26T22:27:30.405334" elapsed="0.000000"/>
</kw>
<kw name="Log To Console" owner="BuiltIn">
<arg>&gt;&gt; Page content preview: ${page_content[:100]}</arg>
<doc>Logs the given message to the console.</doc>
<status status="PASS" start="2025-10-26T22:27:30.405334" elapsed="0.002885"/>
</kw>
<kw name="Capture Page Screenshot" owner="SeleniumLibrary">
<msg time="2025-10-26T22:27:30.652693" level="INFO" html="true">&lt;/td&gt;&lt;/tr&gt;&lt;tr&gt;&lt;td colspan="3"&gt;&lt;a href="../Reports/slug_popular_direct_access.png"&gt;&lt;img src="../Reports/slug_popular_direct_access.png" width="800px"&gt;&lt;/a&gt;</msg>
<arg>${REPORT_DIR}/slug_popular_direct_access.png</arg>
<doc>Takes a screenshot of the current page and embeds it into a log file.</doc>
<status status="PASS" start="2025-10-26T22:27:30.408525" elapsed="0.244168"/>
</kw>
<kw name="Run Keyword And Continue On Failure" owner="BuiltIn">
<kw name="Should Not Contain" owner="BuiltIn">
<arg>${page_content}</arg>
<arg>404</arg>
<doc>Fails if ``container`` contains ``item`` one or more times.</doc>
<status status="PASS" start="2025-10-26T22:27:30.653798" elapsed="0.000000"/>
</kw>
<arg>Should Not Contain</arg>
<arg>${page_content}</arg>
<arg>404</arg>
<doc>Runs the keyword and continues execution even if a failure occurs.</doc>
<status status="PASS" start="2025-10-26T22:27:30.653798" elapsed="0.000000"/>
</kw>
<kw name="Run Keyword And Continue On Failure" owner="BuiltIn">
<kw name="Should Not Contain" owner="BuiltIn">
<msg time="2025-10-26T22:27:30.654913" level="FAIL">'page not found
powered by surge.sh' contains 'page not found'</msg>
<arg>${page_content}</arg>
<arg>page not found</arg>
<doc>Fails if ``container`` contains ``item`` one or more times.</doc>
<status status="FAIL" start="2025-10-26T22:27:30.654913" elapsed="0.000000">'page not found
powered by surge.sh' contains 'page not found'</status>
</kw>
<arg>Should Not Contain</arg>
<arg>${page_content}</arg>
<arg>page not found</arg>
<doc>Runs the keyword and continues execution even if a failure occurs.</doc>
<status status="FAIL" start="2025-10-26T22:27:30.654913" elapsed="0.000000">'page not found
powered by surge.sh' contains 'page not found'</status>
</kw>
<kw name="Close Browser" owner="SeleniumLibrary" type="TEARDOWN">
<doc>Closes the current browser.</doc>
<status status="PASS" start="2025-10-26T22:27:30.656024" elapsed="2.240382"/>
</kw>
<doc>Test accessing popular page directly via URL (known to be problematic)</doc>
<tag>TC001</tag>
<status status="FAIL" start="2025-10-26T22:27:18.117161" elapsed="14.780534">'page not found
powered by surge.sh' contains 'page not found'</status>
</test>
<test id="s1-s2-t2" name="RRQA/Negative/Test Direct Slug Access - All Categories/TC002" line="25">
<kw name="Open Browser with TMDB URL" owner="keywords" type="SETUP">
<kw name="Open Browser" owner="SeleniumLibrary">
<msg time="2025-10-26T22:27:32.900335" level="INFO">Opening browser 'chrome' to base url 'https://tmdb-discover.surge.sh/'.</msg>
<arg>${BASE_URL}</arg>
<arg>${BROWSER}</arg>
<doc>Opens a new browser instance to the optional ``url``.</doc>
<status status="PASS" start="2025-10-26T22:27:32.900335" elapsed="11.684812"/>
</kw>
<kw name="Maximize Browser Window" owner="SeleniumLibrary">
<doc>Maximizes current browser window.</doc>
<status status="PASS" start="2025-10-26T22:27:44.585147" elapsed="0.096946"/>
</kw>
<kw name="Wait Until Page Contains" owner="SeleniumLibrary">
<arg>text=Previous</arg>
<arg>timeout=${TIMEOUT}</arg>
<doc>Waits until ``text`` appears on the current page.</doc>
<status status="PASS" start="2025-10-26T22:27:44.682093" elapsed="0.055125"/>
</kw>
<doc>Open web site</doc>
<status status="PASS" start="2025-10-26T22:27:32.900335" elapsed="11.836883"/>
</kw>
<kw name="Create List" owner="BuiltIn">
<msg time="2025-10-26T22:27:44.737218" level="INFO">@{slugs} = [ popular | trend | new | top ]</msg>
<var>@{slugs}</var>
<arg>popular</arg>
<arg>trend</arg>
<arg>new</arg>
<arg>top</arg>
<doc>Returns a list containing given items.</doc>
<status status="PASS" start="2025-10-26T22:27:44.737218" elapsed="0.002267"/>
</kw>
<for flavor="IN">
<iter>
<kw name="Set Variable" owner="BuiltIn">
<msg time="2025-10-26T22:27:44.739485" level="INFO">${slug_url} = https://tmdb-discover.surge.sh/popular</msg>
<var>${slug_url}</var>
<arg>${BASE_URL}${slug}</arg>
<doc>Returns the given values which can then be assigned to a variables.</doc>
<status status="PASS" start="2025-10-26T22:27:44.739485" elapsed="0.002173"/>
</kw>
<kw name="Log To Console" owner="BuiltIn">
<arg>&gt;&gt; Testing direct access to: ${slug_url}</arg>
<doc>Logs the given message to the console.</doc>
<status status="PASS" start="2025-10-26T22:27:44.741658" elapsed="0.000000"/>
</kw>
<kw name="Go To" owner="SeleniumLibrary">
<msg time="2025-10-26T22:27:44.741658" level="INFO">Opening url 'https://tmdb-discover.surge.sh/popular'</msg>
<arg>${slug_url}</arg>
<doc>Navigates the current browser window to the provided ``url``.</doc>
<status status="PASS" start="2025-10-26T22:27:44.741658" elapsed="0.981529"/>
</kw>
<kw name="Get Text" owner="SeleniumLibrary">
<msg time="2025-10-26T22:27:45.762926" level="INFO">${page_content} = page not found
powered by surge.sh</msg>
<var>${page_content}</var>
<arg>//body</arg>
<doc>Returns the text value of the element identified by ``locator``.</doc>
<status status="PASS" start="2025-10-26T22:27:45.723187" elapsed="0.039739"/>
</kw>
<kw name="Capture Page Screenshot" owner="SeleniumLibrary">
<msg time="2025-10-26T22:27:46.033311" level="INFO" html="true">&lt;/td&gt;&lt;/tr&gt;&lt;tr&gt;&lt;td colspan="3"&gt;&lt;a href="../Reports/slug_popular_direct.png"&gt;&lt;img src="../Reports/slug_popular_direct.png" width="800px"&gt;&lt;/a&gt;</msg>
<arg>${REPORT_DIR}/slug_${slug}_direct.png</arg>
<doc>Takes a screenshot of the current page and embeds it into a log file.</doc>
<status status="PASS" start="2025-10-26T22:27:45.762926" elapsed="0.270385"/>
</kw>
<kw name="Run Keyword And Return Status" owner="BuiltIn">
<kw name="Page Should Contain" owner="SeleniumLibrary">
<msg time="2025-10-26T22:27:46.179968" level="INFO" html="true">&lt;/td&gt;&lt;/tr&gt;&lt;tr&gt;&lt;td colspan="3"&gt;&lt;a href="selenium-screenshot-1.png"&gt;&lt;img src="selenium-screenshot-1.png" width="800px"&gt;&lt;/a&gt;</msg>
<msg time="2025-10-26T22:27:46.179968" level="FAIL">Page should have contained text '404' but did not.</msg>
<arg>404</arg>
<doc>Verifies that current page contains ``text``.</doc>
<status status="FAIL" start="2025-10-26T22:27:46.033311" elapsed="0.146657">Page should have contained text '404' but did not.</status>
</kw>
<msg time="2025-10-26T22:27:46.179968" level="INFO">${has_error} = False</msg>
<var>${has_error}</var>
<arg>Page Should Contain</arg>
<arg>404</arg>
<doc>Runs the given keyword with given arguments and returns the status as a Boolean value.</doc>
<status status="PASS" start="2025-10-26T22:27:46.033311" elapsed="0.146657"/>
</kw>
<kw name="Run Keyword And Return Status" owner="BuiltIn">
<kw name="Page Should Contain" owner="SeleniumLibrary">
<msg time="2025-10-26T22:27:46.202364" level="INFO">Current page contains text 'page not found'.</msg>
<arg>page not found</arg>
<doc>Verifies that current page contains ``text``.</doc>
<status status="PASS" start="2025-10-26T22:27:46.185348" elapsed="0.017016"/>
</kw>
<msg time="2025-10-26T22:27:46.202364" level="INFO">${has_not_found} = True</msg>
<var>${has_not_found}</var>
<arg>Page Should Contain</arg>
<arg>page not found</arg>
<doc>Runs the given keyword with given arguments and returns the status as a Boolean value.</doc>
<status status="PASS" start="2025-10-26T22:27:46.185348" elapsed="0.017016"/>
</kw>
<kw name="Run Keyword If" owner="BuiltIn">
<kw name="Log To Console" owner="BuiltIn">
<arg>&gt;&gt; DEFECT: ${slug} slug shows error when accessed directly</arg>
<doc>Logs the given message to the console.</doc>
<status status="PASS" start="2025-10-26T22:27:46.202364" elapsed="0.000000"/>
</kw>
<arg>${has_error} or ${has_not_found}</arg>
<arg>Log To Console</arg>
<arg>&gt;&gt; DEFECT: ${slug} slug shows error when accessed directly</arg>
<doc>Runs the given keyword with the given arguments, if ``condition`` is true.</doc>
<status status="PASS" start="2025-10-26T22:27:46.202364" elapsed="0.000000"/>
</kw>
<kw name="Run Keyword If" owner="BuiltIn">
<arg>not (${has_error} or ${has_not_found})</arg>
<arg>Log To Console</arg>
<arg>&gt;&gt; ${slug} slug works correctly</arg>
<doc>Runs the given keyword with the given arguments, if ``condition`` is true.</doc>
<status status="PASS" start="2025-10-26T22:27:46.202364" elapsed="0.000000"/>
</kw>
<var name="${slug}">popular</var>
<status status="PASS" start="2025-10-26T22:27:44.739485" elapsed="1.462879"/>
</iter>
<iter>
<kw name="Set Variable" owner="BuiltIn">
<msg time="2025-10-26T22:27:46.205534" level="INFO">${slug_url} = https://tmdb-discover.surge.sh/trend</msg>
<var>${slug_url}</var>
<arg>${BASE_URL}${slug}</arg>
<doc>Returns the given values which can then be assigned to a variables.</doc>
<status status="PASS" start="2025-10-26T22:27:46.205021" elapsed="0.000513"/>
</kw>
<kw name="Log To Console" owner="BuiltIn">
<arg>&gt;&gt; Testing direct access to: ${slug_url}</arg>
<doc>Logs the given message to the console.</doc>
<status status="PASS" start="2025-10-26T22:27:46.205534" elapsed="0.000000"/>
</kw>
<kw name="Go To" owner="SeleniumLibrary">
<msg time="2025-10-26T22:27:46.205534" level="INFO">Opening url 'https://tmdb-discover.surge.sh/trend'</msg>
<arg>${slug_url}</arg>
<doc>Navigates the current browser window to the provided ``url``.</doc>
<status status="PASS" start="2025-10-26T22:27:46.205534" elapsed="0.759742"/>
</kw>
<kw name="Get Text" owner="SeleniumLibrary">
<msg time="2025-10-26T22:27:47.023510" level="INFO">${page_content} = page not found
powered by surge.sh</msg>
<var>${page_content}</var>
<arg>//body</arg>
<doc>Returns the text value of the element identified by ``locator``.</doc>
<status status="PASS" start="2025-10-26T22:27:46.965276" elapsed="0.058234"/>
</kw>
<kw name="Capture Page Screenshot" owner="SeleniumLibrary">
<msg time="2025-10-26T22:27:47.167164" level="INFO" html="true">&lt;/td&gt;&lt;/tr&gt;&lt;tr&gt;&lt;td colspan="3"&gt;&lt;a href="../Reports/slug_trend_direct.png"&gt;&lt;img src="../Reports/slug_trend_direct.png" width="800px"&gt;&lt;/a&gt;</msg>
<arg>${REPORT_DIR}/slug_${slug}_direct.png</arg>
<doc>Takes a screenshot of the current page and embeds it into a log file.</doc>
<status status="PASS" start="2025-10-26T22:27:47.025459" elapsed="0.141705"/>
</kw>
<kw name="Run Keyword And Return Status" owner="BuiltIn">
<kw name="Page Should Contain" owner="SeleniumLibrary">
<msg time="2025-10-26T22:27:47.353416" level="INFO" html="true">&lt;/td&gt;&lt;/tr&gt;&lt;tr&gt;&lt;td colspan="3"&gt;&lt;a href="selenium-screenshot-2.png"&gt;&lt;img src="selenium-screenshot-2.png" width="800px"&gt;&lt;/a&gt;</msg>
<msg time="2025-10-26T22:27:47.353416" level="FAIL">Page should have contained text '404' but did not.</msg>
<arg>404</arg>
<doc>Verifies that current page contains ``text``.</doc>
<status status="FAIL" start="2025-10-26T22:27:47.167164" elapsed="0.186252">Page should have contained text '404' but did not.</status>
</kw>
<msg time="2025-10-26T22:27:47.353416" level="INFO">${has_error} = False</msg>
<var>${has_error}</var>
<arg>Page Should Contain</arg>
<arg>404</arg>
<doc>Runs the given keyword with given arguments and returns the status as a Boolean value.</doc>
<status status="PASS" start="2025-10-26T22:27:47.167164" elapsed="0.186252"/>
</kw>
<kw name="Run Keyword And Return Status" owner="BuiltIn">
<kw name="Page Should Contain" owner="SeleniumLibrary">
<msg time="2025-10-26T22:27:47.368371" level="INFO">Current page contains text 'page not found'.</msg>
<arg>page not found</arg>
<doc>Verifies that current page contains ``text``.</doc>
<status status="PASS" start="2025-10-26T22:27:47.353416" elapsed="0.014955"/>
</kw>
<msg time="2025-10-26T22:27:47.371127" level="INFO">${has_not_found} = True</msg>
<var>${has_not_found}</var>
<arg>Page Should Contain</arg>
<arg>page not found</arg>
<doc>Runs the given keyword with given arguments and returns the status as a Boolean value.</doc>
<status status="PASS" start="2025-10-26T22:27:47.353416" elapsed="0.017711"/>
</kw>
<kw name="Run Keyword If" owner="BuiltIn">
<kw name="Log To Console" owner="BuiltIn">
<arg>&gt;&gt; DEFECT: ${slug} slug shows error when accessed directly</arg>
<doc>Logs the given message to the console.</doc>
<status status="PASS" start="2025-10-26T22:27:47.371638" elapsed="0.000000"/>
</kw>
<arg>${has_error} or ${has_not_found}</arg>
<arg>Log To Console</arg>
<arg>&gt;&gt; DEFECT: ${slug} slug shows error when accessed directly</arg>
<doc>Runs the given keyword with the given arguments, if ``condition`` is true.</doc>
<status status="PASS" start="2025-10-26T22:27:47.371638" elapsed="0.000000"/>
</kw>
<kw name="Run Keyword If" owner="BuiltIn">
<arg>not (${has_error} or ${has_not_found})</arg>
<arg>Log To Console</arg>
<arg>&gt;&gt; ${slug} slug works correctly</arg>
<doc>Runs the given keyword with the given arguments, if ``condition`` is true.</doc>
<status status="PASS" start="2025-10-26T22:27:47.371638" elapsed="0.000000"/>
</kw>
<var name="${slug}">trend</var>
<status status="PASS" start="2025-10-26T22:27:46.205021" elapsed="1.166617"/>
</iter>
<iter>
<kw name="Set Variable" owner="BuiltIn">
<msg time="2025-10-26T22:27:47.371638" level="INFO">${slug_url} = https://tmdb-discover.surge.sh/new</msg>
<var>${slug_url}</var>
<arg>${BASE_URL}${slug}</arg>
<doc>Returns the given values which can then be assigned to a variables.</doc>
<status status="PASS" start="2025-10-26T22:27:47.371638" elapsed="0.000000"/>
</kw>
<kw name="Log To Console" owner="BuiltIn">
<arg>&gt;&gt; Testing direct access to: ${slug_url}</arg>
<doc>Logs the given message to the console.</doc>
<status status="PASS" start="2025-10-26T22:27:47.371638" elapsed="0.000000"/>
</kw>
<kw name="Go To" owner="SeleniumLibrary">
<msg time="2025-10-26T22:27:47.371638" level="INFO">Opening url 'https://tmdb-discover.surge.sh/new'</msg>
<arg>${slug_url}</arg>
<doc>Navigates the current browser window to the provided ``url``.</doc>
<status status="PASS" start="2025-10-26T22:27:47.371638" elapsed="0.898478"/>
</kw>
<kw name="Get Text" owner="SeleniumLibrary">
<msg time="2025-10-26T22:27:48.304207" level="INFO">${page_content} = page not found
powered by surge.sh</msg>
<var>${page_content}</var>
<arg>//body</arg>
<doc>Returns the text value of the element identified by ``locator``.</doc>
<status status="PASS" start="2025-10-26T22:27:48.273047" elapsed="0.031160"/>
</kw>
<kw name="Capture Page Screenshot" owner="SeleniumLibrary">
<msg time="2025-10-26T22:27:48.444313" level="INFO" html="true">&lt;/td&gt;&lt;/tr&gt;&lt;tr&gt;&lt;td colspan="3"&gt;&lt;a href="../Reports/slug_new_direct.png"&gt;&lt;img src="../Reports/slug_new_direct.png" width="800px"&gt;&lt;/a&gt;</msg>
<arg>${REPORT_DIR}/slug_${slug}_direct.png</arg>
<doc>Takes a screenshot of the current page and embeds it into a log file.</doc>
<status status="PASS" start="2025-10-26T22:27:48.304207" elapsed="0.140106"/>
</kw>
<kw name="Run Keyword And Return Status" owner="BuiltIn">
<kw name="Page Should Contain" owner="SeleniumLibrary">
<msg time="2025-10-26T22:27:48.621519" level="INFO" html="true">&lt;/td&gt;&lt;/tr&gt;&lt;tr&gt;&lt;td colspan="3"&gt;&lt;a href="selenium-screenshot-3.png"&gt;&lt;img src="selenium-screenshot-3.png" width="800px"&gt;&lt;/a&gt;</msg>
<msg time="2025-10-26T22:27:48.621519" level="FAIL">Page should have contained text '404' but did not.</msg>
<arg>404</arg>
<doc>Verifies that current page contains ``text``.</doc>
<status status="FAIL" start="2025-10-26T22:27:48.452463" elapsed="0.171594">Page should have contained text '404' but did not.</status>
</kw>
<msg time="2025-10-26T22:27:48.624057" level="INFO">${has_error} = False</msg>
<var>${has_error}</var>
<arg>Page Should Contain</arg>
<arg>404</arg>
<doc>Runs the given keyword with given arguments and returns the status as a Boolean value.</doc>
<status status="PASS" start="2025-10-26T22:27:48.452463" elapsed="0.171594"/>
</kw>
<kw name="Run Keyword And Return Status" owner="BuiltIn">
<kw name="Page Should Contain" owner="SeleniumLibrary">
<msg time="2025-10-26T22:27:48.637504" level="INFO">Current page contains text 'page not found'.</msg>
<arg>page not found</arg>
<doc>Verifies that current page contains ``text``.</doc>
<status status="PASS" start="2025-10-26T22:27:48.625126" elapsed="0.012378"/>
</kw>
<msg time="2025-10-26T22:27:48.640369" level="INFO">${has_not_found} = True</msg>
<var>${has_not_found}</var>
<arg>Page Should Contain</arg>
<arg>page not found</arg>
[...]
<doc>Stops executing the enclosing FOR loop.</doc>
<status status="PASS" start="2025-10-26T22:32:50.175064" elapsed="0.000000"/>
</kw>
<status status="PASS" start="2025-10-26T22:32:50.175064" elapsed="0.000000"/>
</branch>
<status status="PASS" start="2025-10-26T22:32:50.175064" elapsed="0.000000"/>
</if>
<var name="${page_num}">4</var>
<status status="PASS" start="2025-10-26T22:32:50.158509" elapsed="0.016555"/>
</iter>
<var>${page_num}</var>
<value>2</value>
<value>${max_pages_to_test + 1}</value>
<status status="PASS" start="2025-10-26T22:32:49.558778" elapsed="0.616286"/>
</for>
<kw name="Log To Console" owner="BuiltIn">
<arg>&gt;&gt; PAGINATION SUMMARY: ${working_pages} pages tested successfully</arg>
<doc>Logs the given message to the console.</doc>
<status status="PASS" start="2025-10-26T22:32:50.175064" elapsed="0.000000"/>
</kw>
<kw name="Should Be True" owner="BuiltIn">
<arg>${working_pages} &gt;= 2</arg>
<arg>At least 2 pages should work for basic pagination</arg>
<doc>Fails if the given condition is not true.</doc>
<status status="PASS" start="2025-10-26T22:32:50.175064" elapsed="0.000000"/>
</kw>
<kw name="Close Browser" owner="SeleniumLibrary" type="TEARDOWN">
<doc>Closes the current browser.</doc>
<status status="PASS" start="2025-10-26T22:32:50.175064" elapsed="2.313992"/>
</kw>
<doc>Navigate through multiple pages to find where pagination breaks</doc>
<tag>boundary-testing</tag>
<tag>defect-discovery</tag>
<tag>pagination</tag>
<tag>TC003</tag>
<status status="PASS" start="2025-10-26T22:32:34.696924" elapsed="17.792132"/>
</test>
<test id="s1-s3-t4" name="RRQA/Pagination/Test Direct URL Page Access/TC004" line="94">
<kw name="Open Browser with TMDB URL" owner="keywords" type="SETUP">
<kw name="Open Browser" owner="SeleniumLibrary">
<msg time="2025-10-26T22:32:52.492182" level="INFO">Opening browser 'chrome' to base url 'https://tmdb-discover.surge.sh/'.</msg>
<arg>${BASE_URL}</arg>
<arg>${BROWSER}</arg>
<doc>Opens a new browser instance to the optional ``url``.</doc>
<status status="PASS" start="2025-10-26T22:32:52.492182" elapsed="2.981530"/>
</kw>
<kw name="Maximize Browser Window" owner="SeleniumLibrary">
<doc>Maximizes current browser window.</doc>
<status status="PASS" start="2025-10-26T22:32:55.473712" elapsed="2.245038"/>
</kw>
<kw name="Wait Until Page Contains" owner="SeleniumLibrary">
<arg>text=Previous</arg>
<arg>timeout=${TIMEOUT}</arg>
<doc>Waits until ``text`` appears on the current page.</doc>
<status status="PASS" start="2025-10-26T22:32:57.718750" elapsed="0.470838"/>
</kw>
<doc>Open web site</doc>
<status status="PASS" start="2025-10-26T22:32:52.492182" elapsed="5.697406"/>
</kw>
<kw name="Log To Console" owner="BuiltIn">
<arg>&gt;&gt; Testing: Direct URL access to paginated content</arg>
<doc>Logs the given message to the console.</doc>
<status status="PASS" start="2025-10-26T22:32:58.189588" elapsed="0.000000"/>
</kw>
<kw name="Create List" owner="BuiltIn">
<msg time="2025-10-26T22:32:58.192296" level="INFO">@{page_urls} = [ /?page=2 | /?page=5 | /page/2 | /2 ]</msg>
<var>@{page_urls}</var>
<arg>/?page=2</arg>
<arg>/?page=5</arg>
<arg>/page/2</arg>
<arg>/2</arg>
<doc>Returns a list containing given items.</doc>
<status status="PASS" start="2025-10-26T22:32:58.189588" elapsed="0.002708"/>
</kw>
<for flavor="IN">
<iter>
<kw name="Get Location" owner="SeleniumLibrary">
<msg time="2025-10-26T22:32:58.197986" level="INFO">${current_url} = https://tmdb-discover.surge.sh/popular</msg>
<var>${current_url}</var>
<doc>Returns the current browser window URL.</doc>
<status status="PASS" start="2025-10-26T22:32:58.193492" elapsed="0.004494"/>
</kw>
<kw name="Go To" owner="SeleniumLibrary">
<msg time="2025-10-26T22:32:58.197986" level="INFO">Opening url 'https://tmdb-discover.surge.sh//?page=2'</msg>
<arg>${BASE_URL}${page_url}</arg>
<doc>Navigates the current browser window to the provided ``url``.</doc>
<status status="PASS" start="2025-10-26T22:32:58.197986" elapsed="3.151616"/>
</kw>
<kw name="Get Location" owner="SeleniumLibrary">
<msg time="2025-10-26T22:33:01.359360" level="INFO">${new_url} = https://tmdb-discover.surge.sh//?page=2</msg>
<var>${new_url}</var>
<doc>Returns the current browser window URL.</doc>
<status status="PASS" start="2025-10-26T22:33:01.349602" elapsed="0.012098"/>
</kw>
<kw name="Get Text" owner="SeleniumLibrary">
<msg time="2025-10-26T22:33:01.414735" level="INFO">${page_content} = Discover
Popular
Trend
Newest
Top rated
DISCOVER OPTIONS
Type
Movie
Genre
Select...
Year
1900
-
2024
Ratings
★
★
★
★
★
&amp; up</msg>
<var>${page_content}</var>
<arg>tag=body</arg>
<doc>Returns the text value of the element identified by ``locator``.</doc>
<status status="PASS" start="2025-10-26T22:33:01.361700" elapsed="0.053035"/>
</kw>
<kw name="Convert To Lower Case" owner="String">
<msg time="2025-10-26T22:33:01.414735" level="INFO">${page_content_lower} = discover
popular
trend
newest
top rated
discover options
type
movie
genre
select...
year
1900
-
2024
ratings
★
★
★
★
★
&amp; up</msg>
<var>${page_content_lower}</var>
<arg>${page_content}</arg>
<doc>Converts string to lower case.</doc>
<status status="PASS" start="2025-10-26T22:33:01.414735" elapsed="0.000000"/>
</kw>
<kw name="Evaluate" owner="BuiltIn">
<msg time="2025-10-26T22:33:01.417305" level="INFO">${page_has_error} = False</msg>
<var>${page_has_error}</var>
<arg>'error' in """${page_content_lower}""" or 'not found' in """${page_content_lower}""" or '404' in """${page_content_lower}"""</arg>
<doc>Evaluates the given expression in Python and returns the result.</doc>
<status status="PASS" start="2025-10-26T22:33:01.417305" elapsed="0.000000"/>
</kw>
<if>
<branch type="IF" condition="${page_has_error}">
<kw name="Log To Console" owner="BuiltIn">
<arg>&gt;&gt; CONFIRMED: Direct page URL access fails (expected per assignment)</arg>
<doc>Logs the given message to the console.</doc>
<status status="NOT RUN" start="2025-10-26T22:33:01.417305" elapsed="0.000000"/>
</kw>
<status status="NOT RUN" start="2025-10-26T22:33:01.417305" elapsed="0.000000"/>
</branch>
<branch type="ELSE">
<kw name="Log To Console" owner="BuiltIn">
<arg>&gt;&gt; WARNING: Direct page access works: ${new_url}</arg>
<doc>Logs the given message to the console.</doc>
<status status="PASS" start="2025-10-26T22:33:01.417305" elapsed="0.000000"/>
</kw>
<status status="PASS" start="2025-10-26T22:33:01.417305" elapsed="0.000000"/>
</branch>
<status status="PASS" start="2025-10-26T22:33:01.417305" elapsed="0.000000"/>
</if>
<var name="${page_url}">/?page=2</var>
<status status="PASS" start="2025-10-26T22:32:58.193492" elapsed="3.223813"/>
</iter>
<iter>
<kw name="Get Location" owner="SeleniumLibrary">
<msg time="2025-10-26T22:33:01.424610" level="INFO">${current_url} = https://tmdb-discover.surge.sh//?page=2</msg>
<var>${current_url}</var>
<doc>Returns the current browser window URL.</doc>
<status status="PASS" start="2025-10-26T22:33:01.417305" elapsed="0.007305"/>
</kw>
<kw name="Go To" owner="SeleniumLibrary">
<msg time="2025-10-26T22:33:01.424610" level="INFO">Opening url 'https://tmdb-discover.surge.sh//?page=5'</msg>
<arg>${BASE_URL}${page_url}</arg>
<doc>Navigates the current browser window to the provided ``url``.</doc>
<status status="PASS" start="2025-10-26T22:33:01.424610" elapsed="2.470863"/>
</kw>
<kw name="Get Location" owner="SeleniumLibrary">
<msg time="2025-10-26T22:33:03.904802" level="INFO">${new_url} = https://tmdb-discover.surge.sh//?page=5</msg>
<var>${new_url}</var>
<doc>Returns the current browser window URL.</doc>
<status status="PASS" start="2025-10-26T22:33:03.895473" elapsed="0.009329"/>
</kw>
<kw name="Get Text" owner="SeleniumLibrary">
<msg time="2025-10-26T22:33:03.942385" level="INFO">${page_content} = Discover
Popular
Trend
Newest
Top rated
Something went wrong! Please try again later.
Retry
DISCOVER OPTIONS
Type
Movie
Genre
Select...
Year
1900
-
2024
Ratings
★
★
★
★
★
&amp; up</msg>
<var>${page_content}</var>
<arg>tag=body</arg>
<doc>Returns the text value of the element identified by ``locator``.</doc>
<status status="PASS" start="2025-10-26T22:33:03.904802" elapsed="0.037583"/>
</kw>
<kw name="Convert To Lower Case" owner="String">
<msg time="2025-10-26T22:33:03.942385" level="INFO">${page_content_lower} = discover
popular
trend
newest
top rated
something went wrong! please try again later.
retry
discover options
type
movie
genre
select...
year
1900
-
2024
ratings
★
★
★
★
★
&amp; up</msg>
<var>${page_content_lower}</var>
<arg>${page_content}</arg>
<doc>Converts string to lower case.</doc>
<status status="PASS" start="2025-10-26T22:33:03.942385" elapsed="0.000000"/>
</kw>
<kw name="Evaluate" owner="BuiltIn">
<msg time="2025-10-26T22:33:03.942385" level="INFO">${page_has_error} = False</msg>
<var>${page_has_error}</var>
<arg>'error' in """${page_content_lower}""" or 'not found' in """${page_content_lower}""" or '404' in """${page_content_lower}"""</arg>
<doc>Evaluates the given expression in Python and returns the result.</doc>
<status status="PASS" start="2025-10-26T22:33:03.942385" elapsed="0.000000"/>
</kw>
<if>
<branch type="IF" condition="${page_has_error}">
<kw name="Log To Console" owner="BuiltIn">
<arg>&gt;&gt; CONFIRMED: Direct page URL access fails (expected per assignment)</arg>
<doc>Logs the given message to the console.</doc>
<status status="NOT RUN" start="2025-10-26T22:33:03.942385" elapsed="0.000000"/>
</kw>
<status status="NOT RUN" start="2025-10-26T22:33:03.942385" elapsed="0.000000"/>
</branch>
<branch type="ELSE">
<kw name="Log To Console" owner="BuiltIn">
<arg>&gt;&gt; WARNING: Direct page access works: ${new_url}</arg>
<doc>Logs the given message to the console.</doc>
<status status="PASS" start="2025-10-26T22:33:03.942385" elapsed="0.000000"/>
</kw>
<status status="PASS" start="2025-10-26T22:33:03.942385" elapsed="0.000000"/>
</branch>
<status status="PASS" start="2025-10-26T22:33:03.942385" elapsed="0.000000"/>
</if>
<var name="${page_url}">/?page=5</var>
<status status="PASS" start="2025-10-26T22:33:01.417305" elapsed="2.525080"/>
</iter>
<iter>
<kw name="Get Location" owner="SeleniumLibrary">
<msg time="2025-10-26T22:33:03.960137" level="INFO">${current_url} = https://tmdb-discover.surge.sh//?page=5</msg>
<var>${current_url}</var>
<doc>Returns the current browser window URL.</doc>
<status status="PASS" start="2025-10-26T22:33:03.942385" elapsed="0.017752"/>
</kw>
<kw name="Go To" owner="SeleniumLibrary">
<msg time="2025-10-26T22:33:03.960137" level="INFO">Opening url 'https://tmdb-discover.surge.sh//page/2'</msg>
<arg>${BASE_URL}${page_url}</arg>
<doc>Navigates the current browser window to the provided ``url``.</doc>
<status status="PASS" start="2025-10-26T22:33:03.960137" elapsed="1.087934"/>
</kw>
<kw name="Get Location" owner="SeleniumLibrary">
<msg time="2025-10-26T22:33:05.057581" level="INFO">${new_url} = https://tmdb-discover.surge.sh//page/2</msg>
<var>${new_url}</var>
<doc>Returns the current browser window URL.</doc>
<status status="PASS" start="2025-10-26T22:33:05.048071" elapsed="0.009510"/>
</kw>
<kw name="Get Text" owner="SeleniumLibrary">
<msg time="2025-10-26T22:33:05.092651" level="INFO">${page_content} = page not found
powered by surge.sh</msg>
<var>${page_content}</var>
<arg>tag=body</arg>
<doc>Returns the text value of the element identified by ``locator``.</doc>
<status status="PASS" start="2025-10-26T22:33:05.060254" elapsed="0.032397"/>
</kw>
<kw name="Convert To Lower Case" owner="String">
<msg time="2025-10-26T22:33:05.094159" level="INFO">${page_content_lower} = page not found
powered by surge.sh</msg>
<var>${page_content_lower}</var>
<arg>${page_content}</arg>
<doc>Converts string to lower case.</doc>
<status status="PASS" start="2025-10-26T22:33:05.094159" elapsed="0.000000"/>
</kw>
<kw name="Evaluate" owner="BuiltIn">
<msg time="2025-10-26T22:33:05.094159" level="INFO">${page_has_error} = True</msg>
<var>${page_has_error}</var>
<arg>'error' in """${page_content_lower}""" or 'not found' in """${page_content_lower}""" or '404' in """${page_content_lower}"""</arg>
<doc>Evaluates the given expression in Python and returns the result.</doc>
<status status="PASS" start="2025-10-26T22:33:05.094159" elapsed="0.000000"/>
</kw>
<if>
<branch type="IF" condition="${page_has_error}">
<kw name="Log To Console" owner="BuiltIn">
<arg>&gt;&gt; CONFIRMED: Direct page URL access fails (expected per assignment)</arg>
<doc>Logs the given message to the console.</doc>
<status status="PASS" start="2025-10-26T22:33:05.094159" elapsed="0.000000"/>
</kw>
<status status="PASS" start="2025-10-26T22:33:05.094159" elapsed="0.000000"/>
</branch>
<branch type="ELSE">
<kw name="Log To Console" owner="BuiltIn">
<arg>&gt;&gt; WARNING: Direct page access works: ${new_url}</arg>
<doc>Logs the given message to the console.</doc>
<status status="NOT RUN" start="2025-10-26T22:33:05.094159" elapsed="0.000000"/>
</kw>
<status status="NOT RUN" start="2025-10-26T22:33:05.094159" elapsed="0.000000"/>
</branch>
<status status="PASS" start="2025-10-26T22:33:05.094159" elapsed="0.000000"/>
</if>
<var name="${page_url}">/page/2</var>
<status status="PASS" start="2025-10-26T22:33:03.942385" elapsed="1.151774"/>
</iter>
<iter>
<kw name="Get Location" owner="SeleniumLibrary">
<msg time="2025-10-26T22:33:05.103907" level="INFO">${current_url} = https://tmdb-discover.surge.sh//page/2</msg>
<var>${current_url}</var>
<doc>Returns the current browser window URL.</doc>
<status status="PASS" start="2025-10-26T22:33:05.094159" elapsed="0.009748"/>
</kw>
<kw name="Go To" owner="SeleniumLibrary">
<msg time="2025-10-26T22:33:05.106793" level="INFO">Opening url 'https://tmdb-discover.surge.sh//2'</msg>
<arg>${BASE_URL}${page_url}</arg>
<doc>Navigates the current browser window to the provided ``url``.</doc>
<status status="PASS" start="2025-10-26T22:33:05.103907" elapsed="0.928802"/>
</kw>
<kw name="Get Location" owner="SeleniumLibrary">
<msg time="2025-10-26T22:33:06.039004" level="INFO">${new_url} = https://tmdb-discover.surge.sh//2</msg>
<var>${new_url}</var>
<doc>Returns the current browser window URL.</doc>
<status status="PASS" start="2025-10-26T22:33:06.032709" elapsed="0.006295"/>
</kw>
<kw name="Get Text" owner="SeleniumLibrary">
<msg time="2025-10-26T22:33:06.073653" level="INFO">${page_content} = page not found
powered by surge.sh</msg>
<var>${page_content}</var>
<arg>tag=body</arg>
<doc>Returns the text value of the element identified by ``locator``.</doc>
<status status="PASS" start="2025-10-26T22:33:06.039004" elapsed="0.035758"/>
</kw>
<kw name="Convert To Lower Case" owner="String">
<msg time="2025-10-26T22:33:06.074762" level="INFO">${page_content_lower} = page not found
powered by surge.sh</msg>
<var>${page_content_lower}</var>
<arg>${page_content}</arg>
<doc>Converts string to lower case.</doc>
<status status="PASS" start="2025-10-26T22:33:06.074762" elapsed="0.000000"/>
</kw>
<kw name="Evaluate" owner="BuiltIn">
<msg time="2025-10-26T22:33:06.074762" level="INFO">${page_has_error} = True</msg>
<var>${page_has_error}</var>
<arg>'error' in """${page_content_lower}""" or 'not found' in """${page_content_lower}""" or '404' in """${page_content_lower}"""</arg>
<doc>Evaluates the given expression in Python and returns the result.</doc>
<status status="PASS" start="2025-10-26T22:33:06.074762" elapsed="0.000000"/>
</kw>
<if>
<branch type="IF" condition="${page_has_error}">
<kw name="Log To Console" owner="BuiltIn">
<arg>&gt;&gt; CONFIRMED: Direct page URL access fails (expected per assignment)</arg>
<doc>Logs the given message to the console.</doc>
<status status="PASS" start="2025-10-26T22:33:06.074762" elapsed="0.000000"/>
</kw>
<status status="PASS" start="2025-10-26T22:33:06.074762" elapsed="0.000000"/>
</branch>
<branch type="ELSE">
<kw name="Log To Console" owner="BuiltIn">
<arg>&gt;&gt; WARNING: Direct page access works: ${new_url}</arg>
<doc>Logs the given message to the console.</doc>
<status status="NOT RUN" start="2025-10-26T22:33:06.076790" elapsed="0.000000"/>
</kw>
<status status="NOT RUN" start="2025-10-26T22:33:06.076790" elapsed="0.000000"/>
</branch>
<status status="PASS" start="2025-10-26T22:33:06.074762" elapsed="0.002028"/>
</if>
<var name="${page_url}">/2</var>
<status status="PASS" start="2025-10-26T22:33:05.094159" elapsed="0.982631"/>
</iter>
<var>${page_url}</var>
<value>@{page_urls}</value>
<status status="PASS" start="2025-10-26T22:32:58.193492" elapsed="7.883298"/>
</for>
<kw name="Close Browser" owner="SeleniumLibrary" type="TEARDOWN">
<doc>Closes the current browser.</doc>
<status status="PASS" start="2025-10-26T22:33:06.076790" elapsed="2.254295"/>
</kw>
<doc>Test direct access to specific page URLs (tests known slug issue)</doc>
<tag>known-issue</tag>
<tag>pagination</tag>
<tag>TC004</tag>
<tag>url-testing</tag>
<status status="PASS" start="2025-10-26T22:32:52.489056" elapsed="15.842029"/>
</test>
<status status="PASS" start="2025-10-26T22:31:57.455073" elapsed="70.877562"/>
</suite>
<status status="FAIL" start="2025-10-26T22:24:41.918479" elapsed="506.415637"/>
</suite>
<statistics>
<total>
<stat pass="18" fail="2" skip="0">All Tests</stat>
</total>
<tag>
<stat pass="1" fail="0" skip="0">advanced</stat>
<stat pass="1" fail="0" skip="0">boundary-testing</stat>
<stat pass="1" fail="0" skip="0">categories</stat>
<stat pass="1" fail="0" skip="0">defect-discovery</stat>
<stat pass="1" fail="0" skip="0">edge-cases</stat>
<stat pass="1" fail="0" skip="0">filters</stat>
<stat pass="2" fail="0" skip="0">functional</stat>
<stat pass="1" fail="0" skip="0">Genre-filter</stat>
<stat pass="2" fail="0" skip="0">known-issue</stat>
<stat pass="1" fail="0" skip="0">movies</stat>
<stat pass="1" fail="0" skip="0">navigation</stat>
<stat pass="1" fail="0" skip="0">negative</stat>
<stat pass="4" fail="0" skip="0">pagination</stat>
<stat pass="1" fail="0" skip="0">rating-filter</stat>
<stat pass="1" fail="0" skip="0">search</stat>
<stat pass="1" fail="0" skip="0">smoke</stat>
<stat pass="1" fail="1" skip="0">TC001</stat>
<stat pass="2" fail="0" skip="0">TC002</stat>
<stat pass="2" fail="0" skip="0">TC003</stat>
<stat pass="2" fail="0" skip="0">TC004</stat>
<stat pass="1" fail="0" skip="0">TC005</stat>
<stat pass="1" fail="0" skip="0">TC006</stat>
<stat pass="0" fail="1" skip="0">TC007</stat>
<stat pass="1" fail="0" skip="0">TC008</stat>
<stat pass="1" fail="0" skip="0">TC009</stat>
<stat pass="1" fail="0" skip="0">temporal</stat>
<stat pass="1" fail="0" skip="0">tv-shows</stat>
<stat pass="1" fail="0" skip="0">type-filter</stat>
<stat pass="1" fail="0" skip="0">url-testing</stat>
<stat pass="1" fail="0" skip="0">working-pages</stat>
<stat pass="1" fail="0" skip="0">year-filter</stat>
</tag>
<suite>
<stat pass="18" fail="2" skip="0" id="s1" name="TestSuites">TestSuites</stat>
<stat pass="7" fail="0" skip="0" id="s1-s1" name="FS Filters">TestSuites.FS Filters</stat>
<stat pass="7" fail="2" skip="0" id="s1-s2" name="FS Negative">TestSuites.FS Negative</stat>
<stat pass="4" fail="0" skip="0" id="s1-s3" name="FS Pagination">TestSuites.FS Pagination</stat>
</suite>
</statistics>
<errors>
<msg time="2025-10-26T22:24:41.956814" level="WARN">Error in file 'C:\Users\shank\PycharmProjects\RR-QA-Automation\Resources\Keywords\keywords.robot' on line 79: The '[Return]' setting is deprecated. Use the 'RETURN' statement instead.</msg>
<msg time="2025-10-26T22:24:42.261076" level="ERROR">Error in file 'C:\Users\shank\PycharmProjects\RR-QA-Automation\Resources\Keywords\keywords.robot' on line 17: Resource file 'variables.robot' does not exist.</msg>
<msg time="2025-10-26T22:27:18.114914" level="ERROR">Error in file 'C:\Users\shank\PycharmProjects\RR-QA-Automation\Resources\Keywords\keywords.robot' on line 17: Resource file 'variables.robot' does not exist.</msg>
<msg time="2025-10-26T22:31:57.469238" level="ERROR">Error in file 'C:\Users\shank\PycharmProjects\RR-QA-Automation\Resources\Keywords\keywords.robot' on line 17: Resource file 'variables.robot' does not exist.</msg>
</errors>
</robot>
